<?xml version="1.0" encoding="UTF-8"?>
<testsuite xmlns:xsi="http://www.w3.org/2001/XMLSchema-instance" xsi:noNamespaceSchemaLocation="https://maven.apache.org/surefire/maven-surefire-plugin/xsd/surefire-test-report-3.0.xsd" version="3.0" name="com.sap.cloud.sdk.tutorial.HelloWorldServletTest" time="12.941" tests="1" errors="0" skipped="0" failures="0">
  <properties>
    <property name="sun.desktop" value="windows"/>
    <property name="awt.toolkit" value="sun.awt.windows.WToolkit"/>
    <property name="file.encoding.pkg" value="sun.io"/>
    <property name="java.specification.version" value="1.8"/>
    <property name="sun.cpu.isalist" value="amd64"/>
    <property name="sun.jnu.encoding" value="Cp1252"/>
    <property name="java.class.path" value="C:\Users\yehezkiel.setiawan\address-manager\integration-tests\target\test-classes;C:\Users\yehezkiel.setiawan\address-manager\integration-tests\target\classes;C:\Users\yehezkiel.setiawan\address-manager\application\target\address-manager-application-classes.jar;C:\Users\yehezkiel.setiawan\.m2\repository\com\sap\cloud\sdk\cloudplatform\security-servlet\3.3.1\security-servlet-3.3.1.jar;C:\Users\yehezkiel.setiawan\.m2\repository\com\sap\cloud\sdk\cloudplatform\scp-cf\3.3.1\scp-cf-3.3.1.jar;C:\Users\yehezkiel.setiawan\.m2\repository\com\sap\cloud\sdk\cloudplatform\auditlog-scp-cf\3.3.1\auditlog-scp-cf-3.3.1.jar;C:\Users\yehezkiel.setiawan\.m2\repository\com\sap\cloud\sdk\cloudplatform\caching\3.3.1\caching-3.3.1.jar;C:\Users\yehezkiel.setiawan\.m2\repository\com\github\ben-manes\caffeine\caffeine\2.8.0\caffeine-2.8.0.jar;C:\Users\yehezkiel.setiawan\.m2\repository\com\sap\cloud\sdk\cloudplatform\cloudplatform-core-scp-cf\3.3.1\cloudplatform-core-scp-cf-3.3.1.jar;C:\Users\yehezkiel.setiawan\.m2\repository\com\google\code\gson\gson\2.8.5\gson-2.8.5.jar;C:\Users\yehezkiel.setiawan\.m2\repository\com\auth0\java-jwt\3.8.1\java-jwt-3.8.1.jar;C:\Users\yehezkiel.setiawan\.m2\repository\com\sap\cloud\sdk\cloudplatform\cloudplatform-connectivity-scp-cf\3.3.1\cloudplatform-connectivity-scp-cf-3.3.1.jar;C:\Users\yehezkiel.setiawan\.m2\repository\com\sap\cloud\sdk\cloudplatform\cloudplatform-connectivity-scp\3.3.1\cloudplatform-connectivity-scp-3.3.1.jar;C:\Users\yehezkiel.setiawan\.m2\repository\com\sap\cloud\sdk\cloudplatform\resilience\3.3.1\resilience-3.3.1.jar;C:\Users\yehezkiel.setiawan\.m2\repository\com\sap\cloud\sdk\frameworks\resilience4j\3.3.1\resilience4j-3.3.1.jar;C:\Users\yehezkiel.setiawan\.m2\repository\io\github\resilience4j\resilience4j-circuitbreaker\0.17.0\resilience4j-circuitbreaker-0.17.0.jar;C:\Users\yehezkiel.setiawan\.m2\repository\io\github\resilience4j\resilience4j-core\0.17.0\resilience4j-core-0.17.0.jar;C:\Users\yehezkiel.setiawan\.m2\repository\io\github\resilience4j\resilience4j-bulkhead\0.17.0\resilience4j-bulkhead-0.17.0.jar;C:\Users\yehezkiel.setiawan\.m2\repository\io\github\resilience4j\resilience4j-timelimiter\0.17.0\resilience4j-timelimiter-0.17.0.jar;C:\Users\yehezkiel.setiawan\.m2\repository\io\github\resilience4j\resilience4j-cache\0.17.0\resilience4j-cache-0.17.0.jar;C:\Users\yehezkiel.setiawan\.m2\repository\javax\cache\cache-api\1.1.1\cache-api-1.1.1.jar;C:\Users\yehezkiel.setiawan\.m2\repository\commons-io\commons-io\2.6\commons-io-2.6.jar;C:\Users\yehezkiel.setiawan\.m2\repository\com\sap\cloud\sdk\cloudplatform\security-scp-cf\3.3.1\security-scp-cf-3.3.1.jar;C:\Users\yehezkiel.setiawan\.m2\repository\com\sap\cloud\sdk\cloudplatform\servlet\3.3.1\servlet-3.3.1.jar;C:\Users\yehezkiel.setiawan\.m2\repository\com\sap\cloud\sdk\cloudplatform\tenant-scp-cf\3.3.1\tenant-scp-cf-3.3.1.jar;C:\Users\yehezkiel.setiawan\.m2\repository\com\sap\cloud\sdk\cloudplatform\metering\3.3.1\metering-3.3.1.jar;C:\Users\yehezkiel.setiawan\.m2\repository\com\sap\cloud\sdk\s4hana\s4hana-all\3.3.1\s4hana-all-3.3.1.jar;C:\Users\yehezkiel.setiawan\.m2\repository\com\sap\cloud\sdk\s4hana\s4hana-core\3.3.1\s4hana-core-3.3.1.jar;C:\Users\yehezkiel.setiawan\.m2\repository\com\sap\cloud\sdk\datamodel\fluent-result\3.3.1\fluent-result-3.3.1.jar;C:\Users\yehezkiel.setiawan\.m2\repository\com\sap\cloud\sdk\s4hana\s4hana-connectivity\3.3.1\s4hana-connectivity-3.3.1.jar;C:\Users\yehezkiel.setiawan\.m2\repository\com\sap\cloud\sdk\datamodel\odata-core\3.3.1\odata-core-3.3.1.jar;C:\Users\yehezkiel.setiawan\.m2\repository\com\sap\cloud\servicesdk\odata-v2-lib\1.33.0\odata-v2-lib-1.33.0.jar;C:\Users\yehezkiel.setiawan\.m2\repository\com\sap\cloud\servicesdk\developer_license\1.33.0\developer_license-1.33.0.jar;C:\Users\yehezkiel.setiawan\.m2\repository\org\jsoup\jsoup\1.12.1\jsoup-1.12.1.jar;C:\Users\yehezkiel.setiawan\.m2\repository\org\apache\commons\commons-text\1.7\commons-text-1.7.jar;C:\Users\yehezkiel.setiawan\.m2\repository\com\fasterxml\jackson\core\jackson-core\2.9.9\jackson-core-2.9.9.jar;C:\Users\yehezkiel.setiawan\.m2\repository\joda-time\joda-time\2.10.3\joda-time-2.10.3.jar;C:\Users\yehezkiel.setiawan\.m2\repository\com\sap\cloud\sdk\s4hana\s4hana-api-odata\3.3.1\s4hana-api-odata-3.3.1.jar;C:\Users\yehezkiel.setiawan\.m2\repository\com\sap\cloud\sdk\datamodel\soap\3.3.1\soap-3.3.1.jar;C:\Users\yehezkiel.setiawan\.m2\repository\org\apache\axis2\axis2-adb\1.7.9\axis2-adb-1.7.9.jar;C:\Users\yehezkiel.setiawan\.m2\repository\org\apache\ws\commons\axiom\axiom-dom\1.2.21\axiom-dom-1.2.21.jar;C:\Users\yehezkiel.setiawan\.m2\repository\org\codehaus\woodstox\woodstox-core-asl\4.2.0\woodstox-core-asl-4.2.0.jar;C:\Users\yehezkiel.setiawan\.m2\repository\org\codehaus\woodstox\stax2-api\3.1.1\stax2-api-3.1.1.jar;C:\Users\yehezkiel.setiawan\.m2\repository\org\apache\axis2\axis2-transport-http\1.7.9\axis2-transport-http-1.7.9.jar;C:\Users\yehezkiel.setiawan\.m2\repository\org\apache\axis2\axis2-kernel\1.7.9\axis2-kernel-1.7.9.jar;C:\Users\yehezkiel.setiawan\.m2\repository\org\apache\ws\commons\axiom\axiom-api\1.2.21\axiom-api-1.2.21.jar;C:\Users\yehezkiel.setiawan\.m2\repository\org\apache\geronimo\specs\geronimo-activation_1.1_spec\1.1\geronimo-activation_1.1_spec-1.1.jar;C:\Users\yehezkiel.setiawan\.m2\repository\jaxen\jaxen\1.1.6\jaxen-1.1.6.jar;C:\Users\yehezkiel.setiawan\.m2\repository\org\apache\geronimo\specs\geronimo-stax-api_1.0_spec\1.0.1\geronimo-stax-api_1.0_spec-1.0.1.jar;C:\Users\yehezkiel.setiawan\.m2\repository\org\apache\james\apache-mime4j-core\0.7.2\apache-mime4j-core-0.7.2.jar;C:\Users\yehezkiel.setiawan\.m2\repository\org\apache\ws\commons\axiom\axiom-impl\1.2.21\axiom-impl-1.2.21.jar;C:\Users\yehezkiel.setiawan\.m2\repository\org\apache\geronimo\specs\geronimo-ws-metadata_2.0_spec\1.1.2\geronimo-ws-metadata_2.0_spec-1.1.2.jar;C:\Users\yehezkiel.setiawan\.m2\repository\org\apache\geronimo\specs\geronimo-jta_1.1_spec\1.1\geronimo-jta_1.1_spec-1.1.jar;C:\Users\yehezkiel.setiawan\.m2\repository\commons-fileupload\commons-fileupload\1.3.3\commons-fileupload-1.3.3.jar;C:\Users\yehezkiel.setiawan\.m2\repository\wsdl4j\wsdl4j\1.6.2\wsdl4j-1.6.2.jar;C:\Users\yehezkiel.setiawan\.m2\repository\org\apache\ws\xmlschema\xmlschema-core\2.2.1\xmlschema-core-2.2.1.jar;C:\Users\yehezkiel.setiawan\.m2\repository\org\apache\neethi\neethi\3.0.3\neethi-3.0.3.jar;C:\Users\yehezkiel.setiawan\.m2\repository\org\apache\woden\woden-core\1.0M10\woden-core-1.0M10.jar;C:\Users\yehezkiel.setiawan\.m2\repository\org\apache\axis2\axis2-transport-local\1.7.9\axis2-transport-local-1.7.9.jar;C:\Users\yehezkiel.setiawan\.m2\repository\com\sap\cloud\sdk\s4hana\rfc\3.3.1\rfc-3.3.1.jar;C:\Users\yehezkiel.setiawan\.m2\repository\com\sap\cloud\sdk\quality\common\3.3.1\common-3.3.1.jar;C:\Users\yehezkiel.setiawan\.m2\repository\org\apache\commons\commons-csv\1.6\commons-csv-1.6.jar;C:\Users\yehezkiel.setiawan\.m2\repository\org\json\json\20180813\json-20180813.jar;C:\Users\yehezkiel.setiawan\.m2\repository\com\sap\cloud\servicesdk\odatav2-connectivity\1.33.0\odatav2-connectivity-1.33.0.jar;C:\Users\yehezkiel.setiawan\.m2\repository\org\apache\commons\commons-lang3\3.9\commons-lang3-3.9.jar;C:\Users\yehezkiel.setiawan\.m2\repository\com\sap\cloud\servicesdk\jacksonutil\1.33.0\jacksonutil-1.33.0.jar;C:\Users\yehezkiel.setiawan\.m2\repository\com\sap\cloud\servicesdk\prov\api\1.33.0\api-1.33.0.jar;C:\Users\yehezkiel.setiawan\.m2\repository\javax\transaction\javax.transaction-api\1.2\javax.transaction-api-1.2.jar;C:\Users\yehezkiel.setiawan\.m2\repository\com\sap\cds\cds4j-api\1.0.0\cds4j-api-1.0.0.jar;C:\Users\yehezkiel.setiawan\.m2\repository\commons-beanutils\commons-beanutils\1.9.4\commons-beanutils-1.9.4.jar;C:\Users\yehezkiel.setiawan\.m2\repository\commons-collections\commons-collections\3.2.2\commons-collections-3.2.2.jar;C:\Users\yehezkiel.setiawan\.m2\repository\com\sap\cloud\sdk\testutil\testutil-core\3.3.1\testutil-core-3.3.1.jar;C:\Users\yehezkiel.setiawan\.m2\repository\com\sap\cloud\sdk\cloudplatform\auditlog\3.3.1\auditlog-3.3.1.jar;C:\Users\yehezkiel.setiawan\.m2\repository\com\sap\cloud\sdk\cloudplatform\cloudplatform-core\3.3.1\cloudplatform-core-3.3.1.jar;C:\Users\yehezkiel.setiawan\.m2\repository\com\sap\cloud\sdk\cloudplatform\cloudplatform-connectivity\3.3.1\cloudplatform-connectivity-3.3.1.jar;C:\Users\yehezkiel.setiawan\.m2\repository\com\sap\cloud\sdk\cloudplatform\security\3.3.1\security-3.3.1.jar;C:\Users\yehezkiel.setiawan\.m2\repository\com\sap\cloud\sdk\cloudplatform\tenant\3.3.1\tenant-3.3.1.jar;C:\Users\yehezkiel.setiawan\.m2\repository\com\sap\cloud\sdk\testutil\testutil-resources\3.3.1\testutil-resources-3.3.1.jar;C:\Users\yehezkiel.setiawan\.m2\repository\com\google\code\findbugs\jsr305\3.0.2\jsr305-3.0.2.jar;C:\Users\yehezkiel.setiawan\.m2\repository\io\vavr\vavr\0.9.3\vavr-0.9.3.jar;C:\Users\yehezkiel.setiawan\.m2\repository\io\vavr\vavr-match\0.9.3\vavr-match-0.9.3.jar;C:\Users\yehezkiel.setiawan\.m2\repository\com\google\guava\guava\28.0-jre\guava-28.0-jre.jar;C:\Users\yehezkiel.setiawan\.m2\repository\com\google\guava\failureaccess\1.0.1\failureaccess-1.0.1.jar;C:\Users\yehezkiel.setiawan\.m2\repository\com\google\guava\listenablefuture\9999.0-empty-to-avoid-conflict-with-guava\listenablefuture-9999.0-empty-to-avoid-conflict-with-guava.jar;C:\Users\yehezkiel.setiawan\.m2\repository\com\google\j2objc\j2objc-annotations\1.3\j2objc-annotations-1.3.jar;C:\Users\yehezkiel.setiawan\.m2\repository\org\codehaus\mojo\animal-sniffer-annotations\1.17\animal-sniffer-annotations-1.17.jar;C:\Users\yehezkiel.setiawan\.m2\repository\com\fasterxml\jackson\core\jackson-annotations\2.9.0\jackson-annotations-2.9.0.jar;C:\Users\yehezkiel.setiawan\.m2\repository\com\fasterxml\jackson\core\jackson-databind\2.9.9.2\jackson-databind-2.9.9.2.jar;C:\Users\yehezkiel.setiawan\.m2\repository\com\fasterxml\jackson\dataformat\jackson-dataformat-yaml\2.9.9\jackson-dataformat-yaml-2.9.9.jar;C:\Users\yehezkiel.setiawan\.m2\repository\org\yaml\snakeyaml\1.23\snakeyaml-1.23.jar;C:\Users\yehezkiel.setiawan\.m2\repository\com\mikesamuel\json-sanitizer\1.2.0\json-sanitizer-1.2.0.jar;C:\Users\yehezkiel.setiawan\.m2\repository\com\google\errorprone\error_prone_annotations\2.3.3\error_prone_annotations-2.3.3.jar;C:\Users\yehezkiel.setiawan\.m2\repository\org\assertj\assertj-core\3.13.2\assertj-core-3.13.2.jar;C:\Users\yehezkiel.setiawan\.m2\repository\org\mockito\mockito-core\2.22.0\mockito-core-2.22.0.jar;C:\Users\yehezkiel.setiawan\.m2\repository\net\bytebuddy\byte-buddy\1.8.21\byte-buddy-1.8.21.jar;C:\Users\yehezkiel.setiawan\.m2\repository\net\bytebuddy\byte-buddy-agent\1.8.21\byte-buddy-agent-1.8.21.jar;C:\Users\yehezkiel.setiawan\.m2\repository\org\objenesis\objenesis\2.6\objenesis-2.6.jar;C:\Users\yehezkiel.setiawan\.m2\repository\com\github\tomakehurst\wiremock\2.20.0\wiremock-2.20.0.jar;C:\Users\yehezkiel.setiawan\.m2\repository\org\eclipse\jetty\jetty-server\9.4.19.v20190610\jetty-server-9.4.19.v20190610.jar;C:\Users\yehezkiel.setiawan\.m2\repository\javax\servlet\javax.servlet-api\4.0.1\javax.servlet-api-4.0.1.jar;C:\Users\yehezkiel.setiawan\.m2\repository\org\eclipse\jetty\jetty-http\9.4.19.v20190610\jetty-http-9.4.19.v20190610.jar;C:\Users\yehezkiel.setiawan\.m2\repository\org\eclipse\jetty\jetty-io\9.4.19.v20190610\jetty-io-9.4.19.v20190610.jar;C:\Users\yehezkiel.setiawan\.m2\repository\org\eclipse\jetty\jetty-servlet\9.4.19.v20190610\jetty-servlet-9.4.19.v20190610.jar;C:\Users\yehezkiel.setiawan\.m2\repository\org\eclipse\jetty\jetty-security\9.4.19.v20190610\jetty-security-9.4.19.v20190610.jar;C:\Users\yehezkiel.setiawan\.m2\repository\org\eclipse\jetty\jetty-servlets\9.4.19.v20190610\jetty-servlets-9.4.19.v20190610.jar;C:\Users\yehezkiel.setiawan\.m2\repository\org\eclipse\jetty\jetty-continuation\9.4.19.v20190610\jetty-continuation-9.4.19.v20190610.jar;C:\Users\yehezkiel.setiawan\.m2\repository\org\eclipse\jetty\jetty-util\9.4.19.v20190610\jetty-util-9.4.19.v20190610.jar;C:\Users\yehezkiel.setiawan\.m2\repository\org\eclipse\jetty\jetty-webapp\9.4.19.v20190610\jetty-webapp-9.4.19.v20190610.jar;C:\Users\yehezkiel.setiawan\.m2\repository\org\eclipse\jetty\jetty-xml\9.4.19.v20190610\jetty-xml-9.4.19.v20190610.jar;C:\Users\yehezkiel.setiawan\.m2\repository\org\xmlunit\xmlunit-core\2.5.1\xmlunit-core-2.5.1.jar;C:\Users\yehezkiel.setiawan\.m2\repository\org\xmlunit\xmlunit-legacy\2.5.1\xmlunit-legacy-2.5.1.jar;C:\Users\yehezkiel.setiawan\.m2\repository\com\jayway\jsonpath\json-path\2.4.0\json-path-2.4.0.jar;C:\Users\yehezkiel.setiawan\.m2\repository\net\minidev\json-smart\2.3\json-smart-2.3.jar;C:\Users\yehezkiel.setiawan\.m2\repository\net\minidev\accessors-smart\1.2\accessors-smart-1.2.jar;C:\Users\yehezkiel.setiawan\.m2\repository\org\ow2\asm\asm\5.0.4\asm-5.0.4.jar;C:\Users\yehezkiel.setiawan\.m2\repository\net\sf\jopt-simple\jopt-simple\5.0.3\jopt-simple-5.0.3.jar;C:\Users\yehezkiel.setiawan\.m2\repository\com\flipkart\zjsonpatch\zjsonpatch\0.4.4\zjsonpatch-0.4.4.jar;C:\Users\yehezkiel.setiawan\.m2\repository\com\github\jknack\handlebars\4.0.7\handlebars-4.0.7.jar;C:\Users\yehezkiel.setiawan\.m2\repository\org\antlr\antlr4-runtime\4.7.1\antlr4-runtime-4.7.1.jar;C:\Users\yehezkiel.setiawan\.m2\repository\com\github\jknack\handlebars-helpers\4.0.7\handlebars-helpers-4.0.7.jar;C:\Users\yehezkiel.setiawan\.m2\repository\org\apache\httpcomponents\httpcore\4.4.11\httpcore-4.4.11.jar;C:\Users\yehezkiel.setiawan\.m2\repository\com\sap\cloud\sdk\quality\listeners-all\3.3.1\listeners-all-3.3.1.jar;C:\Users\yehezkiel.setiawan\.m2\repository\com\sap\cloud\sdk\quality\odata-querylistener\3.3.1\odata-querylistener-3.3.1.jar;C:\Users\yehezkiel.setiawan\.m2\repository\com\sap\cloud\sdk\quality\rfc-querylistener\3.3.1\rfc-querylistener-3.3.1.jar;C:\Users\yehezkiel.setiawan\.m2\repository\com\sap\cloud\sdk\quality\httpclient-listener\3.3.1\httpclient-listener-3.3.1.jar;C:\Users\yehezkiel.setiawan\.m2\repository\org\slf4j\slf4j-api\1.7.26\slf4j-api-1.7.26.jar;C:\Users\yehezkiel.setiawan\.m2\repository\org\slf4j\jcl-over-slf4j\1.7.26\jcl-over-slf4j-1.7.26.jar;C:\Users\yehezkiel.setiawan\.m2\repository\org\slf4j\slf4j-simple\1.7.26\slf4j-simple-1.7.26.jar;C:\Users\yehezkiel.setiawan\.m2\repository\junit\junit\4.12\junit-4.12.jar;C:\Users\yehezkiel.setiawan\.m2\repository\org\hamcrest\hamcrest-core\1.3\hamcrest-core-1.3.jar;C:\Users\yehezkiel.setiawan\.m2\repository\io\rest-assured\rest-assured\4.0.0\rest-assured-4.0.0.jar;C:\Users\yehezkiel.setiawan\.m2\repository\org\codehaus\groovy\groovy\2.5.6\groovy-2.5.6.jar;C:\Users\yehezkiel.setiawan\.m2\repository\org\codehaus\groovy\groovy-xml\2.5.6\groovy-xml-2.5.6.jar;C:\Users\yehezkiel.setiawan\.m2\repository\org\apache\httpcomponents\httpclient\4.5.9\httpclient-4.5.9.jar;C:\Users\yehezkiel.setiawan\.m2\repository\commons-codec\commons-codec\1.13\commons-codec-1.13.jar;C:\Users\yehezkiel.setiawan\.m2\repository\org\apache\httpcomponents\httpmime\4.5.3\httpmime-4.5.3.jar;C:\Users\yehezkiel.setiawan\.m2\repository\org\hamcrest\hamcrest-library\2.1\hamcrest-library-2.1.jar;C:\Users\yehezkiel.setiawan\.m2\repository\org\ccil\cowan\tagsoup\tagsoup\1.2.1\tagsoup-1.2.1.jar;C:\Users\yehezkiel.setiawan\.m2\repository\io\rest-assured\json-path\4.0.0\json-path-4.0.0.jar;C:\Users\yehezkiel.setiawan\.m2\repository\org\codehaus\groovy\groovy-json\2.5.6\groovy-json-2.5.6.jar;C:\Users\yehezkiel.setiawan\.m2\repository\io\rest-assured\rest-assured-common\4.0.0\rest-assured-common-4.0.0.jar;C:\Users\yehezkiel.setiawan\.m2\repository\io\rest-assured\xml-path\4.0.0\xml-path-4.0.0.jar;C:\Users\yehezkiel.setiawan\.m2\repository\javax\xml\bind\jaxb-api\2.2.12\jaxb-api-2.2.12.jar;C:\Users\yehezkiel.setiawan\.m2\repository\com\sun\xml\bind\jaxb-osgi\2.2.10\jaxb-osgi-2.2.10.jar;C:\Users\yehezkiel.setiawan\.m2\repository\org\apache\sling\org.apache.sling.javax.activation\0.1.0\org.apache.sling.javax.activation-0.1.0.jar;C:\Users\yehezkiel.setiawan\.m2\repository\javax\activation\activation\1.1.1\activation-1.1.1.jar;C:\Users\yehezkiel.setiawan\.m2\repository\org\apache\tomee\arquillian-tomee-embedded\7.0.5\arquillian-tomee-embedded-7.0.5.jar;C:\Users\yehezkiel.setiawan\.m2\repository\org\apache\tomee\arquillian-openejb-transaction-provider\7.0.5\arquillian-openejb-transaction-provider-7.0.5.jar;C:\Users\yehezkiel.setiawan\.m2\repository\org\jboss\arquillian\extension\arquillian-transaction-impl-base\1.0.1.Final\arquillian-transaction-impl-base-1.0.1.Final.jar;C:\Users\yehezkiel.setiawan\.m2\repository\org\jboss\arquillian\extension\arquillian-transaction-api\1.0.1.Final\arquillian-transaction-api-1.0.1.Final.jar;C:\Users\yehezkiel.setiawan\.m2\repository\org\jboss\arquillian\extension\arquillian-transaction-spi\1.0.1.Final\arquillian-transaction-spi-1.0.1.Final.jar;C:\Users\yehezkiel.setiawan\.m2\repository\org\jboss\arquillian\test\arquillian-test-spi\1.4.1.Final\arquillian-test-spi-1.4.1.Final.jar;C:\Users\yehezkiel.setiawan\.m2\repository\org\jboss\arquillian\core\arquillian-core-spi\1.4.1.Final\arquillian-core-spi-1.4.1.Final.jar;C:\Users\yehezkiel.setiawan\.m2\repository\org\jboss\arquillian\core\arquillian-core-api\1.4.1.Final\arquillian-core-api-1.4.1.Final.jar;C:\Users\yehezkiel.setiawan\.m2\repository\org\jboss\arquillian\container\arquillian-container-spi\1.4.1.Final\arquillian-container-spi-1.4.1.Final.jar;C:\Users\yehezkiel.setiawan\.m2\repository\org\jboss\arquillian\config\arquillian-config-api\1.4.1.Final\arquillian-config-api-1.4.1.Final.jar;C:\Users\yehezkiel.setiawan\.m2\repository\org\jboss\arquillian\config\arquillian-config-impl-base\1.4.1.Final\arquillian-config-impl-base-1.4.1.Final.jar;C:\Users\yehezkiel.setiawan\.m2\repository\org\jboss\arquillian\config\arquillian-config-spi\1.4.1.Final\arquillian-config-spi-1.4.1.Final.jar;C:\Users\yehezkiel.setiawan\.m2\repository\org\jboss\shrinkwrap\shrinkwrap-api\1.2.6\shrinkwrap-api-1.2.6.jar;C:\Users\yehezkiel.setiawan\.m2\repository\org\jboss\arquillian\container\arquillian-container-test-spi\1.4.1.Final\arquillian-container-test-spi-1.4.1.Final.jar;C:\Users\yehezkiel.setiawan\.m2\repository\org\jboss\arquillian\container\arquillian-container-test-api\1.4.1.Final\arquillian-container-test-api-1.4.1.Final.jar;C:\Users\yehezkiel.setiawan\.m2\repository\org\jboss\arquillian\junit\arquillian-junit-container\1.4.1.Final\arquillian-junit-container-1.4.1.Final.jar;C:\Users\yehezkiel.setiawan\.m2\repository\org\jboss\arquillian\junit\arquillian-junit-core\1.4.1.Final\arquillian-junit-core-1.4.1.Final.jar;C:\Users\yehezkiel.setiawan\.m2\repository\org\jboss\arquillian\test\arquillian-test-api\1.4.1.Final\arquillian-test-api-1.4.1.Final.jar;C:\Users\yehezkiel.setiawan\.m2\repository\org\jboss\arquillian\core\arquillian-core-impl-base\1.4.1.Final\arquillian-core-impl-base-1.4.1.Final.jar;C:\Users\yehezkiel.setiawan\.m2\repository\org\jboss\arquillian\test\arquillian-test-impl-base\1.4.1.Final\arquillian-test-impl-base-1.4.1.Final.jar;C:\Users\yehezkiel.setiawan\.m2\repository\org\jboss\arquillian\container\arquillian-container-impl-base\1.4.1.Final\arquillian-container-impl-base-1.4.1.Final.jar;C:\Users\yehezkiel.setiawan\.m2\repository\org\jboss\arquillian\container\arquillian-container-test-impl-base\1.4.1.Final\arquillian-container-test-impl-base-1.4.1.Final.jar;C:\Users\yehezkiel.setiawan\.m2\repository\org\jboss\shrinkwrap\shrinkwrap-impl-base\1.2.6\shrinkwrap-impl-base-1.2.6.jar;C:\Users\yehezkiel.setiawan\.m2\repository\org\jboss\shrinkwrap\shrinkwrap-spi\1.2.6\shrinkwrap-spi-1.2.6.jar;C:\Users\yehezkiel.setiawan\.m2\repository\org\apache\myfaces\core\myfaces-api\2.2.12\myfaces-api-2.2.12.jar;C:\Users\yehezkiel.setiawan\.m2\repository\org\apache\geronimo\specs\geronimo-atinject_1.0_spec\1.0\geronimo-atinject_1.0_spec-1.0.jar;C:\Users\yehezkiel.setiawan\.m2\repository\org\jboss\shrinkwrap\descriptors\shrinkwrap-descriptors-impl-javaee\2.0.0\shrinkwrap-descriptors-impl-javaee-2.0.0.jar;C:\Users\yehezkiel.setiawan\.m2\repository\org\jboss\shrinkwrap\descriptors\shrinkwrap-descriptors-impl-base\2.0.0\shrinkwrap-descriptors-impl-base-2.0.0.jar;C:\Users\yehezkiel.setiawan\.m2\repository\org\jboss\shrinkwrap\descriptors\shrinkwrap-descriptors-spi\2.0.0\shrinkwrap-descriptors-spi-2.0.0.jar;C:\Users\yehezkiel.setiawan\.m2\repository\org\jboss\shrinkwrap\descriptors\shrinkwrap-descriptors-api-javaee\2.0.0\shrinkwrap-descriptors-api-javaee-2.0.0.jar;C:\Users\yehezkiel.setiawan\.m2\repository\org\jboss\shrinkwrap\descriptors\shrinkwrap-descriptors-api-base\2.0.0\shrinkwrap-descriptors-api-base-2.0.0.jar;C:\Users\yehezkiel.setiawan\.m2\repository\org\apache\tomee\javaee-api\7.0-1\javaee-api-7.0-1.jar;C:\Users\yehezkiel.setiawan\.m2\repository\org\apache\tomee\arquillian-tomee-common\7.0.5\arquillian-tomee-common-7.0.5.jar;C:\Users\yehezkiel.setiawan\.m2\repository\org\apache\tomee\arquillian-common\7.0.5\arquillian-common-7.0.5.jar;C:\Users\yehezkiel.setiawan\.m2\repository\org\codehaus\swizzle\swizzle-stream\1.6.2\swizzle-stream-1.6.2.jar;C:\Users\yehezkiel.setiawan\.m2\repository\org\apache\tomee\tomee-embedded\7.0.5\tomee-embedded-7.0.5.jar;C:\Users\yehezkiel.setiawan\.m2\repository\org\apache\tomee\tomee-catalina\7.0.5\tomee-catalina-7.0.5.jar;C:\Users\yehezkiel.setiawan\.m2\repository\org\apache\tomee\tomee-jdbc\7.0.5\tomee-jdbc-7.0.5.jar;C:\Users\yehezkiel.setiawan\.m2\repository\org\apache\tomee\tomee-juli\7.0.5\tomee-juli-7.0.5.jar;C:\Users\yehezkiel.setiawan\.m2\repository\org\apache\tomee\tomee-util\7.0.5\tomee-util-7.0.5.jar;C:\Users\yehezkiel.setiawan\.m2\repository\org\apache\tomee\javaee-api\7.0-1\javaee-api-7.0-1-tomcat.jar;C:\Users\yehezkiel.setiawan\.m2\repository\org\apache\tomcat\tomcat-websocket-api\8.5.32\tomcat-websocket-api-8.5.32.jar;C:\Users\yehezkiel.setiawan\.m2\repository\org\apache\tomee\tomee-myfaces\7.0.5\tomee-myfaces-7.0.5.jar;C:\Users\yehezkiel.setiawan\.m2\repository\org\apache\openwebbeans\openwebbeans-jsf\1.7.5\openwebbeans-jsf-1.7.5.jar;C:\Users\yehezkiel.setiawan\.m2\repository\org\apache\openwebbeans\openwebbeans-impl\1.7.5\openwebbeans-impl-1.7.5.jar;C:\Users\yehezkiel.setiawan\.m2\repository\org\apache\openwebbeans\openwebbeans-web\1.7.5\openwebbeans-web-1.7.5.jar;C:\Users\yehezkiel.setiawan\.m2\repository\org\apache\openwebbeans\openwebbeans-el22\1.7.5\openwebbeans-el22-1.7.5.jar;C:\Users\yehezkiel.setiawan\.m2\repository\org\apache\tomee\openejb-core\7.0.5\openejb-core-7.0.5.jar;C:\Users\yehezkiel.setiawan\.m2\repository\org\apache\tomee\mbean-annotation-api\7.0.5\mbean-annotation-api-7.0.5.jar;C:\Users\yehezkiel.setiawan\.m2\repository\org\apache\tomee\openejb-jpa-integration\7.0.5\openejb-jpa-integration-7.0.5.jar;C:\Users\yehezkiel.setiawan\.m2\repository\org\apache\tomee\openejb-api\7.0.5\openejb-api-7.0.5.jar;C:\Users\yehezkiel.setiawan\.m2\repository\org\apache\tomee\openejb-loader\7.0.5\openejb-loader-7.0.5.jar;C:\Users\yehezkiel.setiawan\.m2\repository\org\apache\tomee\openejb-javaagent\7.0.5\openejb-javaagent-7.0.5.jar;C:\Users\yehezkiel.setiawan\.m2\repository\org\apache\tomee\openejb-jee\7.0.5\openejb-jee-7.0.5.jar;C:\Users\yehezkiel.setiawan\.m2\repository\org\apache\tomee\openejb-jee-accessors\7.0.5\openejb-jee-accessors-7.0.5.jar;C:\Users\yehezkiel.setiawan\.m2\repository\org\metatype\sxc\sxc-jaxb-core\0.8\sxc-jaxb-core-0.8.jar;C:\Users\yehezkiel.setiawan\.m2\repository\org\metatype\sxc\sxc-runtime\0.8\sxc-runtime-0.8.jar;C:\Users\yehezkiel.setiawan\.m2\repository\commons-cli\commons-cli\1.2\commons-cli-1.2.jar;C:\Users\yehezkiel.setiawan\.m2\repository\org\apache\activemq\activemq-ra\5.14.5\activemq-ra-5.14.5.jar;C:\Users\yehezkiel.setiawan\.m2\repository\org\apache\activemq\activemq-kahadb-store\5.14.5\activemq-kahadb-store-5.14.5.jar;C:\Users\yehezkiel.setiawan\.m2\repository\org\apache\activemq\protobuf\activemq-protobuf\1.1\activemq-protobuf-1.1.jar;C:\Users\yehezkiel.setiawan\.m2\repository\org\apache\activemq\activemq-broker\5.14.5\activemq-broker-5.14.5.jar;C:\Users\yehezkiel.setiawan\.m2\repository\org\apache\activemq\activemq-client\5.14.5\activemq-client-5.14.5.jar;C:\Users\yehezkiel.setiawan\.m2\repository\org\fusesource\hawtbuf\hawtbuf\1.11\hawtbuf-1.11.jar;C:\Users\yehezkiel.setiawan\.m2\repository\org\apache\activemq\activemq-openwire-legacy\5.14.5\activemq-openwire-legacy-5.14.5.jar;C:\Users\yehezkiel.setiawan\.m2\repository\org\apache\activemq\activemq-jdbc-store\5.14.5\activemq-jdbc-store-5.14.5.jar;C:\Users\yehezkiel.setiawan\.m2\repository\org\apache\geronimo\components\geronimo-connector\3.1.4\geronimo-connector-3.1.4.jar;C:\Users\yehezkiel.setiawan\.m2\repository\org\apache\geronimo\components\geronimo-transaction\3.1.4\geronimo-transaction-3.1.4.jar;C:\Users\yehezkiel.setiawan\.m2\repository\org\objectweb\howl\howl\1.0.1-1\howl-1.0.1-1.jar;C:\Users\yehezkiel.setiawan\.m2\repository\org\apache\geronimo\javamail\geronimo-javamail_1.4_mail\1.9.0-alpha-2\geronimo-javamail_1.4_mail-1.9.0-alpha-2.jar;C:\Users\yehezkiel.setiawan\.m2\repository\org\apache\xbean\xbean-asm6-shaded\4.9\xbean-asm6-shaded-4.9.jar;C:\Users\yehezkiel.setiawan\.m2\repository\org\apache\xbean\xbean-finder-shaded\4.9\xbean-finder-shaded-4.9.jar;C:\Users\yehezkiel.setiawan\.m2\repository\org\apache\xbean\xbean-reflect\4.9\xbean-reflect-4.9.jar;C:\Users\yehezkiel.setiawan\.m2\repository\org\apache\xbean\xbean-naming\4.9\xbean-naming-4.9.jar;C:\Users\yehezkiel.setiawan\.m2\repository\org\apache\xbean\xbean-bundleutils\4.9\xbean-bundleutils-4.9.jar;C:\Users\yehezkiel.setiawan\.m2\repository\org\hsqldb\hsqldb\2.3.2\hsqldb-2.3.2.jar;C:\Users\yehezkiel.setiawan\.m2\repository\org\apache\commons\commons-dbcp2\2.1\commons-dbcp2-2.1.jar;C:\Users\yehezkiel.setiawan\.m2\repository\org\apache\commons\commons-pool2\2.3\commons-pool2-2.3.jar;C:\Users\yehezkiel.setiawan\.m2\repository\org\apache\openejb\shade\quartz-openejb-shade\2.2.1\quartz-openejb-shade-2.2.1.jar;C:\Users\yehezkiel.setiawan\.m2\repository\org\apache\openwebbeans\openwebbeans-spi\1.7.5\openwebbeans-spi-1.7.5.jar;C:\Users\yehezkiel.setiawan\.m2\repository\org\apache\openwebbeans\openwebbeans-ejb\1.7.5\openwebbeans-ejb-1.7.5.jar;C:\Users\yehezkiel.setiawan\.m2\repository\org\apache\openwebbeans\openwebbeans-ee\1.7.5\openwebbeans-ee-1.7.5.jar;C:\Users\yehezkiel.setiawan\.m2\repository\org\apache\openwebbeans\openwebbeans-ee-common\1.7.5\openwebbeans-ee-common-1.7.5.jar;C:\Users\yehezkiel.setiawan\.m2\repository\org\apache\openjpa\openjpa\2.4.3\openjpa-2.4.3.jar;C:\Users\yehezkiel.setiawan\.m2\repository\net\sourceforge\serp\serp\1.15.1\serp-1.15.1.jar;C:\Users\yehezkiel.setiawan\.m2\repository\org\apache\bval\bval-core\1.1.2\bval-core-1.1.2.jar;C:\Users\yehezkiel.setiawan\.m2\repository\org\apache\bval\bval-jsr\1.1.2\bval-jsr-1.1.2.jar;C:\Users\yehezkiel.setiawan\.m2\repository\org\apache\myfaces\core\myfaces-impl\2.2.12\myfaces-impl-2.2.12.jar;C:\Users\yehezkiel.setiawan\.m2\repository\commons-digester\commons-digester\1.8\commons-digester-1.8.jar;C:\Users\yehezkiel.setiawan\.m2\repository\org\apache\taglibs\taglibs-standard-jstlel\1.2.5\taglibs-standard-jstlel-1.2.5.jar;C:\Users\yehezkiel.setiawan\.m2\repository\org\apache\taglibs\taglibs-standard-spec\1.2.5\taglibs-standard-spec-1.2.5.jar;C:\Users\yehezkiel.setiawan\.m2\repository\org\apache\taglibs\taglibs-standard-impl\1.2.5\taglibs-standard-impl-1.2.5.jar;C:\Users\yehezkiel.setiawan\.m2\repository\xalan\xalan\2.7.2\xalan-2.7.2.jar;C:\Users\yehezkiel.setiawan\.m2\repository\xalan\serializer\2.7.2\serializer-2.7.2.jar;C:\Users\yehezkiel.setiawan\.m2\repository\xml-apis\xml-apis\1.3.04\xml-apis-1.3.04.jar;C:\Users\yehezkiel.setiawan\.m2\repository\org\apache\tomcat\tomcat-jdbc\8.5.32\tomcat-jdbc-8.5.32.jar;C:\Users\yehezkiel.setiawan\.m2\repository\org\apache\tomcat\tomcat-dbcp\8.5.32\tomcat-dbcp-8.5.32.jar;C:\Users\yehezkiel.setiawan\.m2\repository\org\apache\tomcat\tomcat-catalina\8.5.32\tomcat-catalina-8.5.32.jar;C:\Users\yehezkiel.setiawan\.m2\repository\org\apache\tomcat\tomcat-servlet-api\8.5.32\tomcat-servlet-api-8.5.32.jar;C:\Users\yehezkiel.setiawan\.m2\repository\org\apache\tomcat\tomcat-jsp-api\8.5.32\tomcat-jsp-api-8.5.32.jar;C:\Users\yehezkiel.setiawan\.m2\repository\org\apache\tomcat\tomcat-api\8.5.32\tomcat-api-8.5.32.jar;C:\Users\yehezkiel.setiawan\.m2\repository\org\apache\tomcat\tomcat-jni\8.5.32\tomcat-jni-8.5.32.jar;C:\Users\yehezkiel.setiawan\.m2\repository\org\apache\tomcat\tomcat-util\8.5.32\tomcat-util-8.5.32.jar;C:\Users\yehezkiel.setiawan\.m2\repository\org\apache\tomcat\tomcat-util-scan\8.5.32\tomcat-util-scan-8.5.32.jar;C:\Users\yehezkiel.setiawan\.m2\repository\org\apache\tomcat\tomcat-jaspic-api\8.5.32\tomcat-jaspic-api-8.5.32.jar;C:\Users\yehezkiel.setiawan\.m2\repository\org\apache\tomcat\tomcat-catalina-ha\8.5.32\tomcat-catalina-ha-8.5.32.jar;C:\Users\yehezkiel.setiawan\.m2\repository\org\apache\tomcat\tomcat-tribes\8.5.32\tomcat-tribes-8.5.32.jar;C:\Users\yehezkiel.setiawan\.m2\repository\org\apache\tomcat\tomcat-coyote\8.5.32\tomcat-coyote-8.5.32.jar;C:\Users\yehezkiel.setiawan\.m2\repository\org\apache\tomcat\tomcat-jasper\8.5.32\tomcat-jasper-8.5.32.jar;C:\Users\yehezkiel.setiawan\.m2\repository\org\apache\tomcat\tomcat-el-api\8.5.32\tomcat-el-api-8.5.32.jar;C:\Users\yehezkiel.setiawan\.m2\repository\org\eclipse\jdt\ecj\3.12.3\ecj-3.12.3.jar;C:\Users\yehezkiel.setiawan\.m2\repository\org\apache\tomcat\tomcat-jasper-el\8.5.32\tomcat-jasper-el-8.5.32.jar;C:\Users\yehezkiel.setiawan\.m2\repository\org\eclipse\jdt\core\compiler\ecj\4.4\ecj-4.4.jar;C:\Users\yehezkiel.setiawan\.m2\repository\org\apache\velocity\velocity\1.6.4\velocity-1.6.4.jar;C:\Users\yehezkiel.setiawan\.m2\repository\commons-lang\commons-lang\2.4\commons-lang-2.4.jar;C:\Users\yehezkiel.setiawan\.m2\repository\oro\oro\2.0.8\oro-2.0.8.jar;C:\Users\yehezkiel.setiawan\.m2\repository\org\apache\tomee\openejb-client\7.0.5\openejb-client-7.0.5.jar;C:\Users\yehezkiel.setiawan\.m2\repository\com\sun\xml\bind\jaxb-impl\2.3.0\jaxb-impl-2.3.0.jar;C:\Users\yehezkiel.setiawan\.m2\repository\com\sun\xml\bind\jaxb-core\2.3.0\jaxb-core-2.3.0.jar;C:\Users\yehezkiel.setiawan\.m2\repository\org\apache\tomee\tomee-webservices\7.0.5\tomee-webservices-7.0.5.jar;C:\Users\yehezkiel.setiawan\.m2\repository\org\apache\tomee\openejb-webservices\7.0.5\openejb-webservices-7.0.5.jar;C:\Users\yehezkiel.setiawan\.m2\repository\org\apache\tomee\openejb-cxf\7.0.5\openejb-cxf-7.0.5.jar;C:\Users\yehezkiel.setiawan\.m2\repository\org\apache\wss4j\wss4j-ws-security-dom\2.1.9\wss4j-ws-security-dom-2.1.9.jar;C:\Users\yehezkiel.setiawan\.m2\repository\org\apache\wss4j\wss4j-ws-security-common\2.1.9\wss4j-ws-security-common-2.1.9.jar;C:\Users\yehezkiel.setiawan\.m2\repository\org\apache\santuario\xmlsec\2.0.8\xmlsec-2.0.8.jar;C:\Users\yehezkiel.setiawan\.m2\repository\org\opensaml\opensaml-saml-impl\3.1.1\opensaml-saml-impl-3.1.1.jar;C:\Users\yehezkiel.setiawan\.m2\repository\org\opensaml\opensaml-profile-api\3.1.1\opensaml-profile-api-3.1.1.jar;C:\Users\yehezkiel.setiawan\.m2\repository\org\opensaml\opensaml-core\3.1.1\opensaml-core-3.1.1.jar;C:\Users\yehezkiel.setiawan\.m2\repository\org\opensaml\opensaml-saml-api\3.1.1\opensaml-saml-api-3.1.1.jar;C:\Users\yehezkiel.setiawan\.m2\repository\org\opensaml\opensaml-xmlsec-api\3.1.1\opensaml-xmlsec-api-3.1.1.jar;C:\Users\yehezkiel.setiawan\.m2\repository\org\opensaml\opensaml-soap-api\3.1.1\opensaml-soap-api-3.1.1.jar;C:\Users\yehezkiel.setiawan\.m2\repository\org\opensaml\opensaml-security-impl\3.1.1\opensaml-security-impl-3.1.1.jar;C:\Users\yehezkiel.setiawan\.m2\repository\org\opensaml\opensaml-security-api\3.1.1\opensaml-security-api-3.1.1.jar;C:\Users\yehezkiel.setiawan\.m2\repository\org\cryptacular\cryptacular\1.0\cryptacular-1.0.jar;C:\Users\yehezkiel.setiawan\.m2\repository\org\opensaml\opensaml-xmlsec-impl\3.1.1\opensaml-xmlsec-impl-3.1.1.jar;C:\Users\yehezkiel.setiawan\.m2\repository\net\shibboleth\utilities\java-support\7.1.1\java-support-7.1.1.jar;C:\Users\yehezkiel.setiawan\.m2\repository\org\opensaml\opensaml-xacml-impl\3.1.1\opensaml-xacml-impl-3.1.1.jar;C:\Users\yehezkiel.setiawan\.m2\repository\org\opensaml\opensaml-xacml-api\3.1.1\opensaml-xacml-api-3.1.1.jar;C:\Users\yehezkiel.setiawan\.m2\repository\org\opensaml\opensaml-xacml-saml-impl\3.1.1\opensaml-xacml-saml-impl-3.1.1.jar;C:\Users\yehezkiel.setiawan\.m2\repository\org\opensaml\opensaml-xacml-saml-api\3.1.1\opensaml-xacml-saml-api-3.1.1.jar;C:\Users\yehezkiel.setiawan\.m2\repository\org\jasypt\jasypt\1.9.2\jasypt-1.9.2.jar;C:\Users\yehezkiel.setiawan\.m2\repository\org\bouncycastle\bcprov-jdk15on\1.57\bcprov-jdk15on-1.57.jar;C:\Users\yehezkiel.setiawan\.m2\repository\org\apache\wss4j\wss4j-policy\2.1.9\wss4j-policy-2.1.9.jar;C:\Users\yehezkiel.setiawan\.m2\repository\org\apache\wss4j\wss4j-ws-security-stax\2.1.9\wss4j-ws-security-stax-2.1.9.jar;C:\Users\yehezkiel.setiawan\.m2\repository\org\apache\wss4j\wss4j-bindings\2.1.9\wss4j-bindings-2.1.9.jar;C:\Users\yehezkiel.setiawan\.m2\repository\org\apache\wss4j\wss4j-ws-security-policy-stax\2.1.9\wss4j-ws-security-policy-stax-2.1.9.jar;C:\Users\yehezkiel.setiawan\.m2\repository\org\apache\cxf\cxf-rt-frontend-jaxws\3.3.2\cxf-rt-frontend-jaxws-3.3.2.jar;C:\Users\yehezkiel.setiawan\.m2\repository\xml-resolver\xml-resolver\1.2\xml-resolver-1.2.jar;C:\Users\yehezkiel.setiawan\.m2\repository\org\apache\cxf\cxf-rt-bindings-soap\3.3.2\cxf-rt-bindings-soap-3.3.2.jar;C:\Users\yehezkiel.setiawan\.m2\repository\org\apache\cxf\cxf-rt-wsdl\3.3.2\cxf-rt-wsdl-3.3.2.jar;C:\Users\yehezkiel.setiawan\.m2\repository\org\apache\cxf\cxf-rt-databinding-jaxb\3.3.2\cxf-rt-databinding-jaxb-3.3.2.jar;C:\Users\yehezkiel.setiawan\.m2\repository\org\apache\cxf\cxf-rt-bindings-xml\3.3.2\cxf-rt-bindings-xml-3.3.2.jar;C:\Users\yehezkiel.setiawan\.m2\repository\org\apache\cxf\cxf-rt-frontend-simple\3.3.2\cxf-rt-frontend-simple-3.3.2.jar;C:\Users\yehezkiel.setiawan\.m2\repository\org\apache\cxf\cxf-rt-ws-addr\3.3.2\cxf-rt-ws-addr-3.3.2.jar;C:\Users\yehezkiel.setiawan\.m2\repository\org\apache\cxf\cxf-rt-ws-policy\3.3.2\cxf-rt-ws-policy-3.3.2.jar;C:\Users\yehezkiel.setiawan\.m2\repository\org\apache\cxf\cxf-rt-ws-security\3.3.2\cxf-rt-ws-security-3.3.2.jar;C:\Users\yehezkiel.setiawan\.m2\repository\org\apache\cxf\cxf-rt-security-saml\3.3.2\cxf-rt-security-saml-3.3.2.jar;C:\Users\yehezkiel.setiawan\.m2\repository\com\sun\xml\messaging\saaj\saaj-impl\1.3.23\saaj-impl-1.3.23.jar;C:\Users\yehezkiel.setiawan\.m2\repository\org\jvnet\mimepull\mimepull\1.9\mimepull-1.9.jar;C:\Users\yehezkiel.setiawan\.m2\repository\org\jvnet\staxex\stax-ex\1.7.4\stax-ex-1.7.4.jar;C:\Users\yehezkiel.setiawan\.m2\repository\org\apache\tomcat\tomcat-websocket\8.5.32\tomcat-websocket-8.5.32.jar;C:\Users\yehezkiel.setiawan\.m2\repository\org\apache\tomee\tomee-jaxrs\7.0.5\tomee-jaxrs-7.0.5.jar;C:\Users\yehezkiel.setiawan\.m2\repository\org\apache\tomee\tomee-loader\7.0.5\tomee-loader-7.0.5.jar;C:\Users\yehezkiel.setiawan\.m2\repository\org\apache\tomcat\tomcat-juli\8.5.32\tomcat-juli-8.5.32.jar;C:\Users\yehezkiel.setiawan\.m2\repository\org\apache\tomee\tomee-common\7.0.5\tomee-common-7.0.5.jar;C:\Users\yehezkiel.setiawan\.m2\repository\org\apache\tomee\openejb-rest\7.0.5\openejb-rest-7.0.5.jar;C:\Users\yehezkiel.setiawan\.m2\repository\org\apache\tomee\openejb-cxf-rs\7.0.5\openejb-cxf-rs-7.0.5.jar;C:\Users\yehezkiel.setiawan\.m2\repository\org\apache\tomee\openejb-cxf-transport\7.0.5\openejb-cxf-transport-7.0.5.jar;C:\Users\yehezkiel.setiawan\.m2\repository\org\apache\cxf\cxf-rt-transports-http\3.3.2\cxf-rt-transports-http-3.3.2.jar;C:\Users\yehezkiel.setiawan\.m2\repository\org\apache\cxf\cxf-rt-management\3.3.2\cxf-rt-management-3.3.2.jar;C:\Users\yehezkiel.setiawan\.m2\repository\org\apache\cxf\cxf-rt-rs-service-description\3.1.15\cxf-rt-rs-service-description-3.1.15.jar;C:\Users\yehezkiel.setiawan\.m2\repository\org\apache\cxf\cxf-rt-rs-client\3.3.2\cxf-rt-rs-client-3.3.2.jar;C:\Users\yehezkiel.setiawan\.m2\repository\org\apache\cxf\cxf-core\3.3.2\cxf-core-3.3.2.jar;C:\Users\yehezkiel.setiawan\.m2\repository\org\glassfish\jaxb\jaxb-runtime\2.3.2\jaxb-runtime-2.3.2.jar;C:\Users\yehezkiel.setiawan\.m2\repository\org\glassfish\jaxb\txw2\2.3.2\txw2-2.3.2.jar;C:\Users\yehezkiel.setiawan\.m2\repository\com\sun\istack\istack-commons-runtime\3.0.8\istack-commons-runtime-3.0.8.jar;C:\Users\yehezkiel.setiawan\.m2\repository\com\sun\xml\fastinfoset\FastInfoset\1.2.16\FastInfoset-1.2.16.jar;C:\Users\yehezkiel.setiawan\.m2\repository\jakarta\activation\jakarta.activation-api\1.2.1\jakarta.activation-api-1.2.1.jar;C:\Users\yehezkiel.setiawan\.m2\repository\com\fasterxml\woodstox\woodstox-core\5.0.3\woodstox-core-5.0.3.jar;C:\Users\yehezkiel.setiawan\.m2\repository\org\glassfish\jaxb\jaxb-xjc\2.3.2\jaxb-xjc-2.3.2.jar;C:\Users\yehezkiel.setiawan\.m2\repository\org\glassfish\jaxb\xsom\2.3.2\xsom-2.3.2.jar;C:\Users\yehezkiel.setiawan\.m2\repository\org\glassfish\jaxb\codemodel\2.3.2\codemodel-2.3.2.jar;C:\Users\yehezkiel.setiawan\.m2\repository\com\sun\xml\bind\external\rngom\2.3.2\rngom-2.3.2.jar;C:\Users\yehezkiel.setiawan\.m2\repository\com\sun\xml\dtd-parser\dtd-parser\1.4.1\dtd-parser-1.4.1.jar;C:\Users\yehezkiel.setiawan\.m2\repository\com\sun\istack\istack-commons-tools\3.0.8\istack-commons-tools-3.0.8.jar;C:\Users\yehezkiel.setiawan\.m2\repository\org\apache\ant\ant\1.10.5\ant-1.10.5.jar;C:\Users\yehezkiel.setiawan\.m2\repository\org\apache\ant\ant-launcher\1.10.5\ant-launcher-1.10.5.jar;C:\Users\yehezkiel.setiawan\.m2\repository\com\sun\xml\bind\external\relaxng-datatype\2.3.2\relaxng-datatype-2.3.2.jar;C:\Users\yehezkiel.setiawan\.m2\repository\jakarta\xml\bind\jakarta.xml.bind-api\2.3.2\jakarta.xml.bind-api-2.3.2.jar;C:\Users\yehezkiel.setiawan\.m2\repository\org\apache\cxf\cxf-rt-frontend-jaxrs\3.3.2\cxf-rt-frontend-jaxrs-3.3.2.jar;C:\Users\yehezkiel.setiawan\.m2\repository\jakarta\ws\rs\jakarta.ws.rs-api\2.1.5\jakarta.ws.rs-api-2.1.5.jar;C:\Users\yehezkiel.setiawan\.m2\repository\org\apache\cxf\cxf-rt-security\3.3.2\cxf-rt-security-3.3.2.jar;C:\Users\yehezkiel.setiawan\.m2\repository\org\apache\cxf\cxf-rt-rs-extension-search\3.3.2\cxf-rt-rs-extension-search-3.3.2.jar;C:\Users\yehezkiel.setiawan\.m2\repository\org\apache\cxf\cxf-rt-rs-security-cors\3.3.2\cxf-rt-rs-security-cors-3.3.2.jar;C:\Users\yehezkiel.setiawan\.m2\repository\org\apache\cxf\cxf-rt-rs-security-oauth2\3.3.2\cxf-rt-rs-security-oauth2-3.3.2.jar;C:\Users\yehezkiel.setiawan\.m2\repository\org\apache\cxf\cxf-rt-rs-security-jose-jaxrs\3.3.2\cxf-rt-rs-security-jose-jaxrs-3.3.2.jar;C:\Users\yehezkiel.setiawan\.m2\repository\org\apache\cxf\cxf-rt-rs-security-jose\3.3.2\cxf-rt-rs-security-jose-3.3.2.jar;C:\Users\yehezkiel.setiawan\.m2\repository\org\apache\cxf\cxf-rt-rs-json-basic\3.3.2\cxf-rt-rs-json-basic-3.3.2.jar;C:\Users\yehezkiel.setiawan\.m2\repository\org\apache\cxf\cxf-rt-rs-extension-providers\3.3.2\cxf-rt-rs-extension-providers-3.3.2.jar;C:\Users\yehezkiel.setiawan\.m2\repository\org\apache\johnzon\johnzon-jaxrs\1.0.1\johnzon-jaxrs-1.0.1.jar;C:\Users\yehezkiel.setiawan\.m2\repository\org\apache\johnzon\johnzon-mapper\1.0.1\johnzon-mapper-1.0.1.jar;C:\Users\yehezkiel.setiawan\.m2\repository\org\apache\johnzon\johnzon-core\1.0.1\johnzon-core-1.0.1.jar;C:\Users\yehezkiel.setiawan\.m2\repository\org\apache\tomee\openejb-server\7.0.5\openejb-server-7.0.5.jar;C:\Users\yehezkiel.setiawan\.m2\repository\org\apache\tomee\openejb-ejbd\7.0.5\openejb-ejbd-7.0.5.jar;C:\Users\yehezkiel.setiawan\.m2\repository\org\apache\tomee\openejb-http\7.0.5\openejb-http-7.0.5.jar;"/>
    <property name="java.vm.vendor" value="Oracle Corporation"/>
    <property name="sun.arch.data.model" value="64"/>
    <property name="user.variant" value=""/>
    <property name="java.vendor.url" value="http://java.oracle.com/"/>
    <property name="user.timezone" value="Asia/Bangkok"/>
    <property name="java.vm.specification.version" value="1.8"/>
    <property name="os.name" value="Windows 10"/>
    <property name="user.country" value="ID"/>
    <property name="sun.java.launcher" value="SUN_STANDARD"/>
    <property name="sun.boot.library.path" value="C:\Program Files\Java\jdk1.8.0_201\jre\bin"/>
    <property name="sun.java.command" value="C:\Users\yehezkiel.setiawan\AppData\Local\Temp\surefire2568711159115602509\surefirebooter6957358643048455864.jar C:\Users\yehezkiel.setiawan\AppData\Local\Temp\surefire2568711159115602509 2019-11-19T10-23-23_640-jvmRun1 surefire6896919724880470844tmp surefire_1609976120294214524tmp"/>
    <property name="surefire.test.class.path" value="C:\Users\yehezkiel.setiawan\address-manager\integration-tests\target\test-classes;C:\Users\yehezkiel.setiawan\address-manager\integration-tests\target\classes;C:\Users\yehezkiel.setiawan\address-manager\application\target\address-manager-application-classes.jar;C:\Users\yehezkiel.setiawan\.m2\repository\com\sap\cloud\sdk\cloudplatform\security-servlet\3.3.1\security-servlet-3.3.1.jar;C:\Users\yehezkiel.setiawan\.m2\repository\com\sap\cloud\sdk\cloudplatform\scp-cf\3.3.1\scp-cf-3.3.1.jar;C:\Users\yehezkiel.setiawan\.m2\repository\com\sap\cloud\sdk\cloudplatform\auditlog-scp-cf\3.3.1\auditlog-scp-cf-3.3.1.jar;C:\Users\yehezkiel.setiawan\.m2\repository\com\sap\cloud\sdk\cloudplatform\caching\3.3.1\caching-3.3.1.jar;C:\Users\yehezkiel.setiawan\.m2\repository\com\github\ben-manes\caffeine\caffeine\2.8.0\caffeine-2.8.0.jar;C:\Users\yehezkiel.setiawan\.m2\repository\com\sap\cloud\sdk\cloudplatform\cloudplatform-core-scp-cf\3.3.1\cloudplatform-core-scp-cf-3.3.1.jar;C:\Users\yehezkiel.setiawan\.m2\repository\com\google\code\gson\gson\2.8.5\gson-2.8.5.jar;C:\Users\yehezkiel.setiawan\.m2\repository\com\auth0\java-jwt\3.8.1\java-jwt-3.8.1.jar;C:\Users\yehezkiel.setiawan\.m2\repository\com\sap\cloud\sdk\cloudplatform\cloudplatform-connectivity-scp-cf\3.3.1\cloudplatform-connectivity-scp-cf-3.3.1.jar;C:\Users\yehezkiel.setiawan\.m2\repository\com\sap\cloud\sdk\cloudplatform\cloudplatform-connectivity-scp\3.3.1\cloudplatform-connectivity-scp-3.3.1.jar;C:\Users\yehezkiel.setiawan\.m2\repository\com\sap\cloud\sdk\cloudplatform\resilience\3.3.1\resilience-3.3.1.jar;C:\Users\yehezkiel.setiawan\.m2\repository\com\sap\cloud\sdk\frameworks\resilience4j\3.3.1\resilience4j-3.3.1.jar;C:\Users\yehezkiel.setiawan\.m2\repository\io\github\resilience4j\resilience4j-circuitbreaker\0.17.0\resilience4j-circuitbreaker-0.17.0.jar;C:\Users\yehezkiel.setiawan\.m2\repository\io\github\resilience4j\resilience4j-core\0.17.0\resilience4j-core-0.17.0.jar;C:\Users\yehezkiel.setiawan\.m2\repository\io\github\resilience4j\resilience4j-bulkhead\0.17.0\resilience4j-bulkhead-0.17.0.jar;C:\Users\yehezkiel.setiawan\.m2\repository\io\github\resilience4j\resilience4j-timelimiter\0.17.0\resilience4j-timelimiter-0.17.0.jar;C:\Users\yehezkiel.setiawan\.m2\repository\io\github\resilience4j\resilience4j-cache\0.17.0\resilience4j-cache-0.17.0.jar;C:\Users\yehezkiel.setiawan\.m2\repository\javax\cache\cache-api\1.1.1\cache-api-1.1.1.jar;C:\Users\yehezkiel.setiawan\.m2\repository\commons-io\commons-io\2.6\commons-io-2.6.jar;C:\Users\yehezkiel.setiawan\.m2\repository\com\sap\cloud\sdk\cloudplatform\security-scp-cf\3.3.1\security-scp-cf-3.3.1.jar;C:\Users\yehezkiel.setiawan\.m2\repository\com\sap\cloud\sdk\cloudplatform\servlet\3.3.1\servlet-3.3.1.jar;C:\Users\yehezkiel.setiawan\.m2\repository\com\sap\cloud\sdk\cloudplatform\tenant-scp-cf\3.3.1\tenant-scp-cf-3.3.1.jar;C:\Users\yehezkiel.setiawan\.m2\repository\com\sap\cloud\sdk\cloudplatform\metering\3.3.1\metering-3.3.1.jar;C:\Users\yehezkiel.setiawan\.m2\repository\com\sap\cloud\sdk\s4hana\s4hana-all\3.3.1\s4hana-all-3.3.1.jar;C:\Users\yehezkiel.setiawan\.m2\repository\com\sap\cloud\sdk\s4hana\s4hana-core\3.3.1\s4hana-core-3.3.1.jar;C:\Users\yehezkiel.setiawan\.m2\repository\com\sap\cloud\sdk\datamodel\fluent-result\3.3.1\fluent-result-3.3.1.jar;C:\Users\yehezkiel.setiawan\.m2\repository\com\sap\cloud\sdk\s4hana\s4hana-connectivity\3.3.1\s4hana-connectivity-3.3.1.jar;C:\Users\yehezkiel.setiawan\.m2\repository\com\sap\cloud\sdk\datamodel\odata-core\3.3.1\odata-core-3.3.1.jar;C:\Users\yehezkiel.setiawan\.m2\repository\com\sap\cloud\servicesdk\odata-v2-lib\1.33.0\odata-v2-lib-1.33.0.jar;C:\Users\yehezkiel.setiawan\.m2\repository\com\sap\cloud\servicesdk\developer_license\1.33.0\developer_license-1.33.0.jar;C:\Users\yehezkiel.setiawan\.m2\repository\org\jsoup\jsoup\1.12.1\jsoup-1.12.1.jar;C:\Users\yehezkiel.setiawan\.m2\repository\org\apache\commons\commons-text\1.7\commons-text-1.7.jar;C:\Users\yehezkiel.setiawan\.m2\repository\com\fasterxml\jackson\core\jackson-core\2.9.9\jackson-core-2.9.9.jar;C:\Users\yehezkiel.setiawan\.m2\repository\joda-time\joda-time\2.10.3\joda-time-2.10.3.jar;C:\Users\yehezkiel.setiawan\.m2\repository\com\sap\cloud\sdk\s4hana\s4hana-api-odata\3.3.1\s4hana-api-odata-3.3.1.jar;C:\Users\yehezkiel.setiawan\.m2\repository\com\sap\cloud\sdk\datamodel\soap\3.3.1\soap-3.3.1.jar;C:\Users\yehezkiel.setiawan\.m2\repository\org\apache\axis2\axis2-adb\1.7.9\axis2-adb-1.7.9.jar;C:\Users\yehezkiel.setiawan\.m2\repository\org\apache\ws\commons\axiom\axiom-dom\1.2.21\axiom-dom-1.2.21.jar;C:\Users\yehezkiel.setiawan\.m2\repository\org\codehaus\woodstox\woodstox-core-asl\4.2.0\woodstox-core-asl-4.2.0.jar;C:\Users\yehezkiel.setiawan\.m2\repository\org\codehaus\woodstox\stax2-api\3.1.1\stax2-api-3.1.1.jar;C:\Users\yehezkiel.setiawan\.m2\repository\org\apache\axis2\axis2-transport-http\1.7.9\axis2-transport-http-1.7.9.jar;C:\Users\yehezkiel.setiawan\.m2\repository\org\apache\axis2\axis2-kernel\1.7.9\axis2-kernel-1.7.9.jar;C:\Users\yehezkiel.setiawan\.m2\repository\org\apache\ws\commons\axiom\axiom-api\1.2.21\axiom-api-1.2.21.jar;C:\Users\yehezkiel.setiawan\.m2\repository\org\apache\geronimo\specs\geronimo-activation_1.1_spec\1.1\geronimo-activation_1.1_spec-1.1.jar;C:\Users\yehezkiel.setiawan\.m2\repository\jaxen\jaxen\1.1.6\jaxen-1.1.6.jar;C:\Users\yehezkiel.setiawan\.m2\repository\org\apache\geronimo\specs\geronimo-stax-api_1.0_spec\1.0.1\geronimo-stax-api_1.0_spec-1.0.1.jar;C:\Users\yehezkiel.setiawan\.m2\repository\org\apache\james\apache-mime4j-core\0.7.2\apache-mime4j-core-0.7.2.jar;C:\Users\yehezkiel.setiawan\.m2\repository\org\apache\ws\commons\axiom\axiom-impl\1.2.21\axiom-impl-1.2.21.jar;C:\Users\yehezkiel.setiawan\.m2\repository\org\apache\geronimo\specs\geronimo-ws-metadata_2.0_spec\1.1.2\geronimo-ws-metadata_2.0_spec-1.1.2.jar;C:\Users\yehezkiel.setiawan\.m2\repository\org\apache\geronimo\specs\geronimo-jta_1.1_spec\1.1\geronimo-jta_1.1_spec-1.1.jar;C:\Users\yehezkiel.setiawan\.m2\repository\commons-fileupload\commons-fileupload\1.3.3\commons-fileupload-1.3.3.jar;C:\Users\yehezkiel.setiawan\.m2\repository\wsdl4j\wsdl4j\1.6.2\wsdl4j-1.6.2.jar;C:\Users\yehezkiel.setiawan\.m2\repository\org\apache\ws\xmlschema\xmlschema-core\2.2.1\xmlschema-core-2.2.1.jar;C:\Users\yehezkiel.setiawan\.m2\repository\org\apache\neethi\neethi\3.0.3\neethi-3.0.3.jar;C:\Users\yehezkiel.setiawan\.m2\repository\org\apache\woden\woden-core\1.0M10\woden-core-1.0M10.jar;C:\Users\yehezkiel.setiawan\.m2\repository\org\apache\axis2\axis2-transport-local\1.7.9\axis2-transport-local-1.7.9.jar;C:\Users\yehezkiel.setiawan\.m2\repository\com\sap\cloud\sdk\s4hana\rfc\3.3.1\rfc-3.3.1.jar;C:\Users\yehezkiel.setiawan\.m2\repository\com\sap\cloud\sdk\quality\common\3.3.1\common-3.3.1.jar;C:\Users\yehezkiel.setiawan\.m2\repository\org\apache\commons\commons-csv\1.6\commons-csv-1.6.jar;C:\Users\yehezkiel.setiawan\.m2\repository\org\json\json\20180813\json-20180813.jar;C:\Users\yehezkiel.setiawan\.m2\repository\com\sap\cloud\servicesdk\odatav2-connectivity\1.33.0\odatav2-connectivity-1.33.0.jar;C:\Users\yehezkiel.setiawan\.m2\repository\org\apache\commons\commons-lang3\3.9\commons-lang3-3.9.jar;C:\Users\yehezkiel.setiawan\.m2\repository\com\sap\cloud\servicesdk\jacksonutil\1.33.0\jacksonutil-1.33.0.jar;C:\Users\yehezkiel.setiawan\.m2\repository\com\sap\cloud\servicesdk\prov\api\1.33.0\api-1.33.0.jar;C:\Users\yehezkiel.setiawan\.m2\repository\javax\transaction\javax.transaction-api\1.2\javax.transaction-api-1.2.jar;C:\Users\yehezkiel.setiawan\.m2\repository\com\sap\cds\cds4j-api\1.0.0\cds4j-api-1.0.0.jar;C:\Users\yehezkiel.setiawan\.m2\repository\commons-beanutils\commons-beanutils\1.9.4\commons-beanutils-1.9.4.jar;C:\Users\yehezkiel.setiawan\.m2\repository\commons-collections\commons-collections\3.2.2\commons-collections-3.2.2.jar;C:\Users\yehezkiel.setiawan\.m2\repository\com\sap\cloud\sdk\testutil\testutil-core\3.3.1\testutil-core-3.3.1.jar;C:\Users\yehezkiel.setiawan\.m2\repository\com\sap\cloud\sdk\cloudplatform\auditlog\3.3.1\auditlog-3.3.1.jar;C:\Users\yehezkiel.setiawan\.m2\repository\com\sap\cloud\sdk\cloudplatform\cloudplatform-core\3.3.1\cloudplatform-core-3.3.1.jar;C:\Users\yehezkiel.setiawan\.m2\repository\com\sap\cloud\sdk\cloudplatform\cloudplatform-connectivity\3.3.1\cloudplatform-connectivity-3.3.1.jar;C:\Users\yehezkiel.setiawan\.m2\repository\com\sap\cloud\sdk\cloudplatform\security\3.3.1\security-3.3.1.jar;C:\Users\yehezkiel.setiawan\.m2\repository\com\sap\cloud\sdk\cloudplatform\tenant\3.3.1\tenant-3.3.1.jar;C:\Users\yehezkiel.setiawan\.m2\repository\com\sap\cloud\sdk\testutil\testutil-resources\3.3.1\testutil-resources-3.3.1.jar;C:\Users\yehezkiel.setiawan\.m2\repository\com\google\code\findbugs\jsr305\3.0.2\jsr305-3.0.2.jar;C:\Users\yehezkiel.setiawan\.m2\repository\io\vavr\vavr\0.9.3\vavr-0.9.3.jar;C:\Users\yehezkiel.setiawan\.m2\repository\io\vavr\vavr-match\0.9.3\vavr-match-0.9.3.jar;C:\Users\yehezkiel.setiawan\.m2\repository\com\google\guava\guava\28.0-jre\guava-28.0-jre.jar;C:\Users\yehezkiel.setiawan\.m2\repository\com\google\guava\failureaccess\1.0.1\failureaccess-1.0.1.jar;C:\Users\yehezkiel.setiawan\.m2\repository\com\google\guava\listenablefuture\9999.0-empty-to-avoid-conflict-with-guava\listenablefuture-9999.0-empty-to-avoid-conflict-with-guava.jar;C:\Users\yehezkiel.setiawan\.m2\repository\com\google\j2objc\j2objc-annotations\1.3\j2objc-annotations-1.3.jar;C:\Users\yehezkiel.setiawan\.m2\repository\org\codehaus\mojo\animal-sniffer-annotations\1.17\animal-sniffer-annotations-1.17.jar;C:\Users\yehezkiel.setiawan\.m2\repository\com\fasterxml\jackson\core\jackson-annotations\2.9.0\jackson-annotations-2.9.0.jar;C:\Users\yehezkiel.setiawan\.m2\repository\com\fasterxml\jackson\core\jackson-databind\2.9.9.2\jackson-databind-2.9.9.2.jar;C:\Users\yehezkiel.setiawan\.m2\repository\com\fasterxml\jackson\dataformat\jackson-dataformat-yaml\2.9.9\jackson-dataformat-yaml-2.9.9.jar;C:\Users\yehezkiel.setiawan\.m2\repository\org\yaml\snakeyaml\1.23\snakeyaml-1.23.jar;C:\Users\yehezkiel.setiawan\.m2\repository\com\mikesamuel\json-sanitizer\1.2.0\json-sanitizer-1.2.0.jar;C:\Users\yehezkiel.setiawan\.m2\repository\com\google\errorprone\error_prone_annotations\2.3.3\error_prone_annotations-2.3.3.jar;C:\Users\yehezkiel.setiawan\.m2\repository\org\assertj\assertj-core\3.13.2\assertj-core-3.13.2.jar;C:\Users\yehezkiel.setiawan\.m2\repository\org\mockito\mockito-core\2.22.0\mockito-core-2.22.0.jar;C:\Users\yehezkiel.setiawan\.m2\repository\net\bytebuddy\byte-buddy\1.8.21\byte-buddy-1.8.21.jar;C:\Users\yehezkiel.setiawan\.m2\repository\net\bytebuddy\byte-buddy-agent\1.8.21\byte-buddy-agent-1.8.21.jar;C:\Users\yehezkiel.setiawan\.m2\repository\org\objenesis\objenesis\2.6\objenesis-2.6.jar;C:\Users\yehezkiel.setiawan\.m2\repository\com\github\tomakehurst\wiremock\2.20.0\wiremock-2.20.0.jar;C:\Users\yehezkiel.setiawan\.m2\repository\org\eclipse\jetty\jetty-server\9.4.19.v20190610\jetty-server-9.4.19.v20190610.jar;C:\Users\yehezkiel.setiawan\.m2\repository\javax\servlet\javax.servlet-api\4.0.1\javax.servlet-api-4.0.1.jar;C:\Users\yehezkiel.setiawan\.m2\repository\org\eclipse\jetty\jetty-http\9.4.19.v20190610\jetty-http-9.4.19.v20190610.jar;C:\Users\yehezkiel.setiawan\.m2\repository\org\eclipse\jetty\jetty-io\9.4.19.v20190610\jetty-io-9.4.19.v20190610.jar;C:\Users\yehezkiel.setiawan\.m2\repository\org\eclipse\jetty\jetty-servlet\9.4.19.v20190610\jetty-servlet-9.4.19.v20190610.jar;C:\Users\yehezkiel.setiawan\.m2\repository\org\eclipse\jetty\jetty-security\9.4.19.v20190610\jetty-security-9.4.19.v20190610.jar;C:\Users\yehezkiel.setiawan\.m2\repository\org\eclipse\jetty\jetty-servlets\9.4.19.v20190610\jetty-servlets-9.4.19.v20190610.jar;C:\Users\yehezkiel.setiawan\.m2\repository\org\eclipse\jetty\jetty-continuation\9.4.19.v20190610\jetty-continuation-9.4.19.v20190610.jar;C:\Users\yehezkiel.setiawan\.m2\repository\org\eclipse\jetty\jetty-util\9.4.19.v20190610\jetty-util-9.4.19.v20190610.jar;C:\Users\yehezkiel.setiawan\.m2\repository\org\eclipse\jetty\jetty-webapp\9.4.19.v20190610\jetty-webapp-9.4.19.v20190610.jar;C:\Users\yehezkiel.setiawan\.m2\repository\org\eclipse\jetty\jetty-xml\9.4.19.v20190610\jetty-xml-9.4.19.v20190610.jar;C:\Users\yehezkiel.setiawan\.m2\repository\org\xmlunit\xmlunit-core\2.5.1\xmlunit-core-2.5.1.jar;C:\Users\yehezkiel.setiawan\.m2\repository\org\xmlunit\xmlunit-legacy\2.5.1\xmlunit-legacy-2.5.1.jar;C:\Users\yehezkiel.setiawan\.m2\repository\com\jayway\jsonpath\json-path\2.4.0\json-path-2.4.0.jar;C:\Users\yehezkiel.setiawan\.m2\repository\net\minidev\json-smart\2.3\json-smart-2.3.jar;C:\Users\yehezkiel.setiawan\.m2\repository\net\minidev\accessors-smart\1.2\accessors-smart-1.2.jar;C:\Users\yehezkiel.setiawan\.m2\repository\org\ow2\asm\asm\5.0.4\asm-5.0.4.jar;C:\Users\yehezkiel.setiawan\.m2\repository\net\sf\jopt-simple\jopt-simple\5.0.3\jopt-simple-5.0.3.jar;C:\Users\yehezkiel.setiawan\.m2\repository\com\flipkart\zjsonpatch\zjsonpatch\0.4.4\zjsonpatch-0.4.4.jar;C:\Users\yehezkiel.setiawan\.m2\repository\com\github\jknack\handlebars\4.0.7\handlebars-4.0.7.jar;C:\Users\yehezkiel.setiawan\.m2\repository\org\antlr\antlr4-runtime\4.7.1\antlr4-runtime-4.7.1.jar;C:\Users\yehezkiel.setiawan\.m2\repository\com\github\jknack\handlebars-helpers\4.0.7\handlebars-helpers-4.0.7.jar;C:\Users\yehezkiel.setiawan\.m2\repository\org\apache\httpcomponents\httpcore\4.4.11\httpcore-4.4.11.jar;C:\Users\yehezkiel.setiawan\.m2\repository\com\sap\cloud\sdk\quality\listeners-all\3.3.1\listeners-all-3.3.1.jar;C:\Users\yehezkiel.setiawan\.m2\repository\com\sap\cloud\sdk\quality\odata-querylistener\3.3.1\odata-querylistener-3.3.1.jar;C:\Users\yehezkiel.setiawan\.m2\repository\com\sap\cloud\sdk\quality\rfc-querylistener\3.3.1\rfc-querylistener-3.3.1.jar;C:\Users\yehezkiel.setiawan\.m2\repository\com\sap\cloud\sdk\quality\httpclient-listener\3.3.1\httpclient-listener-3.3.1.jar;C:\Users\yehezkiel.setiawan\.m2\repository\org\slf4j\slf4j-api\1.7.26\slf4j-api-1.7.26.jar;C:\Users\yehezkiel.setiawan\.m2\repository\org\slf4j\jcl-over-slf4j\1.7.26\jcl-over-slf4j-1.7.26.jar;C:\Users\yehezkiel.setiawan\.m2\repository\org\slf4j\slf4j-simple\1.7.26\slf4j-simple-1.7.26.jar;C:\Users\yehezkiel.setiawan\.m2\repository\junit\junit\4.12\junit-4.12.jar;C:\Users\yehezkiel.setiawan\.m2\repository\org\hamcrest\hamcrest-core\1.3\hamcrest-core-1.3.jar;C:\Users\yehezkiel.setiawan\.m2\repository\io\rest-assured\rest-assured\4.0.0\rest-assured-4.0.0.jar;C:\Users\yehezkiel.setiawan\.m2\repository\org\codehaus\groovy\groovy\2.5.6\groovy-2.5.6.jar;C:\Users\yehezkiel.setiawan\.m2\repository\org\codehaus\groovy\groovy-xml\2.5.6\groovy-xml-2.5.6.jar;C:\Users\yehezkiel.setiawan\.m2\repository\org\apache\httpcomponents\httpclient\4.5.9\httpclient-4.5.9.jar;C:\Users\yehezkiel.setiawan\.m2\repository\commons-codec\commons-codec\1.13\commons-codec-1.13.jar;C:\Users\yehezkiel.setiawan\.m2\repository\org\apache\httpcomponents\httpmime\4.5.3\httpmime-4.5.3.jar;C:\Users\yehezkiel.setiawan\.m2\repository\org\hamcrest\hamcrest-library\2.1\hamcrest-library-2.1.jar;C:\Users\yehezkiel.setiawan\.m2\repository\org\ccil\cowan\tagsoup\tagsoup\1.2.1\tagsoup-1.2.1.jar;C:\Users\yehezkiel.setiawan\.m2\repository\io\rest-assured\json-path\4.0.0\json-path-4.0.0.jar;C:\Users\yehezkiel.setiawan\.m2\repository\org\codehaus\groovy\groovy-json\2.5.6\groovy-json-2.5.6.jar;C:\Users\yehezkiel.setiawan\.m2\repository\io\rest-assured\rest-assured-common\4.0.0\rest-assured-common-4.0.0.jar;C:\Users\yehezkiel.setiawan\.m2\repository\io\rest-assured\xml-path\4.0.0\xml-path-4.0.0.jar;C:\Users\yehezkiel.setiawan\.m2\repository\javax\xml\bind\jaxb-api\2.2.12\jaxb-api-2.2.12.jar;C:\Users\yehezkiel.setiawan\.m2\repository\com\sun\xml\bind\jaxb-osgi\2.2.10\jaxb-osgi-2.2.10.jar;C:\Users\yehezkiel.setiawan\.m2\repository\org\apache\sling\org.apache.sling.javax.activation\0.1.0\org.apache.sling.javax.activation-0.1.0.jar;C:\Users\yehezkiel.setiawan\.m2\repository\javax\activation\activation\1.1.1\activation-1.1.1.jar;C:\Users\yehezkiel.setiawan\.m2\repository\org\apache\tomee\arquillian-tomee-embedded\7.0.5\arquillian-tomee-embedded-7.0.5.jar;C:\Users\yehezkiel.setiawan\.m2\repository\org\apache\tomee\arquillian-openejb-transaction-provider\7.0.5\arquillian-openejb-transaction-provider-7.0.5.jar;C:\Users\yehezkiel.setiawan\.m2\repository\org\jboss\arquillian\extension\arquillian-transaction-impl-base\1.0.1.Final\arquillian-transaction-impl-base-1.0.1.Final.jar;C:\Users\yehezkiel.setiawan\.m2\repository\org\jboss\arquillian\extension\arquillian-transaction-api\1.0.1.Final\arquillian-transaction-api-1.0.1.Final.jar;C:\Users\yehezkiel.setiawan\.m2\repository\org\jboss\arquillian\extension\arquillian-transaction-spi\1.0.1.Final\arquillian-transaction-spi-1.0.1.Final.jar;C:\Users\yehezkiel.setiawan\.m2\repository\org\jboss\arquillian\test\arquillian-test-spi\1.4.1.Final\arquillian-test-spi-1.4.1.Final.jar;C:\Users\yehezkiel.setiawan\.m2\repository\org\jboss\arquillian\core\arquillian-core-spi\1.4.1.Final\arquillian-core-spi-1.4.1.Final.jar;C:\Users\yehezkiel.setiawan\.m2\repository\org\jboss\arquillian\core\arquillian-core-api\1.4.1.Final\arquillian-core-api-1.4.1.Final.jar;C:\Users\yehezkiel.setiawan\.m2\repository\org\jboss\arquillian\container\arquillian-container-spi\1.4.1.Final\arquillian-container-spi-1.4.1.Final.jar;C:\Users\yehezkiel.setiawan\.m2\repository\org\jboss\arquillian\config\arquillian-config-api\1.4.1.Final\arquillian-config-api-1.4.1.Final.jar;C:\Users\yehezkiel.setiawan\.m2\repository\org\jboss\arquillian\config\arquillian-config-impl-base\1.4.1.Final\arquillian-config-impl-base-1.4.1.Final.jar;C:\Users\yehezkiel.setiawan\.m2\repository\org\jboss\arquillian\config\arquillian-config-spi\1.4.1.Final\arquillian-config-spi-1.4.1.Final.jar;C:\Users\yehezkiel.setiawan\.m2\repository\org\jboss\shrinkwrap\shrinkwrap-api\1.2.6\shrinkwrap-api-1.2.6.jar;C:\Users\yehezkiel.setiawan\.m2\repository\org\jboss\arquillian\container\arquillian-container-test-spi\1.4.1.Final\arquillian-container-test-spi-1.4.1.Final.jar;C:\Users\yehezkiel.setiawan\.m2\repository\org\jboss\arquillian\container\arquillian-container-test-api\1.4.1.Final\arquillian-container-test-api-1.4.1.Final.jar;C:\Users\yehezkiel.setiawan\.m2\repository\org\jboss\arquillian\junit\arquillian-junit-container\1.4.1.Final\arquillian-junit-container-1.4.1.Final.jar;C:\Users\yehezkiel.setiawan\.m2\repository\org\jboss\arquillian\junit\arquillian-junit-core\1.4.1.Final\arquillian-junit-core-1.4.1.Final.jar;C:\Users\yehezkiel.setiawan\.m2\repository\org\jboss\arquillian\test\arquillian-test-api\1.4.1.Final\arquillian-test-api-1.4.1.Final.jar;C:\Users\yehezkiel.setiawan\.m2\repository\org\jboss\arquillian\core\arquillian-core-impl-base\1.4.1.Final\arquillian-core-impl-base-1.4.1.Final.jar;C:\Users\yehezkiel.setiawan\.m2\repository\org\jboss\arquillian\test\arquillian-test-impl-base\1.4.1.Final\arquillian-test-impl-base-1.4.1.Final.jar;C:\Users\yehezkiel.setiawan\.m2\repository\org\jboss\arquillian\container\arquillian-container-impl-base\1.4.1.Final\arquillian-container-impl-base-1.4.1.Final.jar;C:\Users\yehezkiel.setiawan\.m2\repository\org\jboss\arquillian\container\arquillian-container-test-impl-base\1.4.1.Final\arquillian-container-test-impl-base-1.4.1.Final.jar;C:\Users\yehezkiel.setiawan\.m2\repository\org\jboss\shrinkwrap\shrinkwrap-impl-base\1.2.6\shrinkwrap-impl-base-1.2.6.jar;C:\Users\yehezkiel.setiawan\.m2\repository\org\jboss\shrinkwrap\shrinkwrap-spi\1.2.6\shrinkwrap-spi-1.2.6.jar;C:\Users\yehezkiel.setiawan\.m2\repository\org\apache\myfaces\core\myfaces-api\2.2.12\myfaces-api-2.2.12.jar;C:\Users\yehezkiel.setiawan\.m2\repository\org\apache\geronimo\specs\geronimo-atinject_1.0_spec\1.0\geronimo-atinject_1.0_spec-1.0.jar;C:\Users\yehezkiel.setiawan\.m2\repository\org\jboss\shrinkwrap\descriptors\shrinkwrap-descriptors-impl-javaee\2.0.0\shrinkwrap-descriptors-impl-javaee-2.0.0.jar;C:\Users\yehezkiel.setiawan\.m2\repository\org\jboss\shrinkwrap\descriptors\shrinkwrap-descriptors-impl-base\2.0.0\shrinkwrap-descriptors-impl-base-2.0.0.jar;C:\Users\yehezkiel.setiawan\.m2\repository\org\jboss\shrinkwrap\descriptors\shrinkwrap-descriptors-spi\2.0.0\shrinkwrap-descriptors-spi-2.0.0.jar;C:\Users\yehezkiel.setiawan\.m2\repository\org\jboss\shrinkwrap\descriptors\shrinkwrap-descriptors-api-javaee\2.0.0\shrinkwrap-descriptors-api-javaee-2.0.0.jar;C:\Users\yehezkiel.setiawan\.m2\repository\org\jboss\shrinkwrap\descriptors\shrinkwrap-descriptors-api-base\2.0.0\shrinkwrap-descriptors-api-base-2.0.0.jar;C:\Users\yehezkiel.setiawan\.m2\repository\org\apache\tomee\javaee-api\7.0-1\javaee-api-7.0-1.jar;C:\Users\yehezkiel.setiawan\.m2\repository\org\apache\tomee\arquillian-tomee-common\7.0.5\arquillian-tomee-common-7.0.5.jar;C:\Users\yehezkiel.setiawan\.m2\repository\org\apache\tomee\arquillian-common\7.0.5\arquillian-common-7.0.5.jar;C:\Users\yehezkiel.setiawan\.m2\repository\org\codehaus\swizzle\swizzle-stream\1.6.2\swizzle-stream-1.6.2.jar;C:\Users\yehezkiel.setiawan\.m2\repository\org\apache\tomee\tomee-embedded\7.0.5\tomee-embedded-7.0.5.jar;C:\Users\yehezkiel.setiawan\.m2\repository\org\apache\tomee\tomee-catalina\7.0.5\tomee-catalina-7.0.5.jar;C:\Users\yehezkiel.setiawan\.m2\repository\org\apache\tomee\tomee-jdbc\7.0.5\tomee-jdbc-7.0.5.jar;C:\Users\yehezkiel.setiawan\.m2\repository\org\apache\tomee\tomee-juli\7.0.5\tomee-juli-7.0.5.jar;C:\Users\yehezkiel.setiawan\.m2\repository\org\apache\tomee\tomee-util\7.0.5\tomee-util-7.0.5.jar;C:\Users\yehezkiel.setiawan\.m2\repository\org\apache\tomee\javaee-api\7.0-1\javaee-api-7.0-1-tomcat.jar;C:\Users\yehezkiel.setiawan\.m2\repository\org\apache\tomcat\tomcat-websocket-api\8.5.32\tomcat-websocket-api-8.5.32.jar;C:\Users\yehezkiel.setiawan\.m2\repository\org\apache\tomee\tomee-myfaces\7.0.5\tomee-myfaces-7.0.5.jar;C:\Users\yehezkiel.setiawan\.m2\repository\org\apache\openwebbeans\openwebbeans-jsf\1.7.5\openwebbeans-jsf-1.7.5.jar;C:\Users\yehezkiel.setiawan\.m2\repository\org\apache\openwebbeans\openwebbeans-impl\1.7.5\openwebbeans-impl-1.7.5.jar;C:\Users\yehezkiel.setiawan\.m2\repository\org\apache\openwebbeans\openwebbeans-web\1.7.5\openwebbeans-web-1.7.5.jar;C:\Users\yehezkiel.setiawan\.m2\repository\org\apache\openwebbeans\openwebbeans-el22\1.7.5\openwebbeans-el22-1.7.5.jar;C:\Users\yehezkiel.setiawan\.m2\repository\org\apache\tomee\openejb-core\7.0.5\openejb-core-7.0.5.jar;C:\Users\yehezkiel.setiawan\.m2\repository\org\apache\tomee\mbean-annotation-api\7.0.5\mbean-annotation-api-7.0.5.jar;C:\Users\yehezkiel.setiawan\.m2\repository\org\apache\tomee\openejb-jpa-integration\7.0.5\openejb-jpa-integration-7.0.5.jar;C:\Users\yehezkiel.setiawan\.m2\repository\org\apache\tomee\openejb-api\7.0.5\openejb-api-7.0.5.jar;C:\Users\yehezkiel.setiawan\.m2\repository\org\apache\tomee\openejb-loader\7.0.5\openejb-loader-7.0.5.jar;C:\Users\yehezkiel.setiawan\.m2\repository\org\apache\tomee\openejb-javaagent\7.0.5\openejb-javaagent-7.0.5.jar;C:\Users\yehezkiel.setiawan\.m2\repository\org\apache\tomee\openejb-jee\7.0.5\openejb-jee-7.0.5.jar;C:\Users\yehezkiel.setiawan\.m2\repository\org\apache\tomee\openejb-jee-accessors\7.0.5\openejb-jee-accessors-7.0.5.jar;C:\Users\yehezkiel.setiawan\.m2\repository\org\metatype\sxc\sxc-jaxb-core\0.8\sxc-jaxb-core-0.8.jar;C:\Users\yehezkiel.setiawan\.m2\repository\org\metatype\sxc\sxc-runtime\0.8\sxc-runtime-0.8.jar;C:\Users\yehezkiel.setiawan\.m2\repository\commons-cli\commons-cli\1.2\commons-cli-1.2.jar;C:\Users\yehezkiel.setiawan\.m2\repository\org\apache\activemq\activemq-ra\5.14.5\activemq-ra-5.14.5.jar;C:\Users\yehezkiel.setiawan\.m2\repository\org\apache\activemq\activemq-kahadb-store\5.14.5\activemq-kahadb-store-5.14.5.jar;C:\Users\yehezkiel.setiawan\.m2\repository\org\apache\activemq\protobuf\activemq-protobuf\1.1\activemq-protobuf-1.1.jar;C:\Users\yehezkiel.setiawan\.m2\repository\org\apache\activemq\activemq-broker\5.14.5\activemq-broker-5.14.5.jar;C:\Users\yehezkiel.setiawan\.m2\repository\org\apache\activemq\activemq-client\5.14.5\activemq-client-5.14.5.jar;C:\Users\yehezkiel.setiawan\.m2\repository\org\fusesource\hawtbuf\hawtbuf\1.11\hawtbuf-1.11.jar;C:\Users\yehezkiel.setiawan\.m2\repository\org\apache\activemq\activemq-openwire-legacy\5.14.5\activemq-openwire-legacy-5.14.5.jar;C:\Users\yehezkiel.setiawan\.m2\repository\org\apache\activemq\activemq-jdbc-store\5.14.5\activemq-jdbc-store-5.14.5.jar;C:\Users\yehezkiel.setiawan\.m2\repository\org\apache\geronimo\components\geronimo-connector\3.1.4\geronimo-connector-3.1.4.jar;C:\Users\yehezkiel.setiawan\.m2\repository\org\apache\geronimo\components\geronimo-transaction\3.1.4\geronimo-transaction-3.1.4.jar;C:\Users\yehezkiel.setiawan\.m2\repository\org\objectweb\howl\howl\1.0.1-1\howl-1.0.1-1.jar;C:\Users\yehezkiel.setiawan\.m2\repository\org\apache\geronimo\javamail\geronimo-javamail_1.4_mail\1.9.0-alpha-2\geronimo-javamail_1.4_mail-1.9.0-alpha-2.jar;C:\Users\yehezkiel.setiawan\.m2\repository\org\apache\xbean\xbean-asm6-shaded\4.9\xbean-asm6-shaded-4.9.jar;C:\Users\yehezkiel.setiawan\.m2\repository\org\apache\xbean\xbean-finder-shaded\4.9\xbean-finder-shaded-4.9.jar;C:\Users\yehezkiel.setiawan\.m2\repository\org\apache\xbean\xbean-reflect\4.9\xbean-reflect-4.9.jar;C:\Users\yehezkiel.setiawan\.m2\repository\org\apache\xbean\xbean-naming\4.9\xbean-naming-4.9.jar;C:\Users\yehezkiel.setiawan\.m2\repository\org\apache\xbean\xbean-bundleutils\4.9\xbean-bundleutils-4.9.jar;C:\Users\yehezkiel.setiawan\.m2\repository\org\hsqldb\hsqldb\2.3.2\hsqldb-2.3.2.jar;C:\Users\yehezkiel.setiawan\.m2\repository\org\apache\commons\commons-dbcp2\2.1\commons-dbcp2-2.1.jar;C:\Users\yehezkiel.setiawan\.m2\repository\org\apache\commons\commons-pool2\2.3\commons-pool2-2.3.jar;C:\Users\yehezkiel.setiawan\.m2\repository\org\apache\openejb\shade\quartz-openejb-shade\2.2.1\quartz-openejb-shade-2.2.1.jar;C:\Users\yehezkiel.setiawan\.m2\repository\org\apache\openwebbeans\openwebbeans-spi\1.7.5\openwebbeans-spi-1.7.5.jar;C:\Users\yehezkiel.setiawan\.m2\repository\org\apache\openwebbeans\openwebbeans-ejb\1.7.5\openwebbeans-ejb-1.7.5.jar;C:\Users\yehezkiel.setiawan\.m2\repository\org\apache\openwebbeans\openwebbeans-ee\1.7.5\openwebbeans-ee-1.7.5.jar;C:\Users\yehezkiel.setiawan\.m2\repository\org\apache\openwebbeans\openwebbeans-ee-common\1.7.5\openwebbeans-ee-common-1.7.5.jar;C:\Users\yehezkiel.setiawan\.m2\repository\org\apache\openjpa\openjpa\2.4.3\openjpa-2.4.3.jar;C:\Users\yehezkiel.setiawan\.m2\repository\net\sourceforge\serp\serp\1.15.1\serp-1.15.1.jar;C:\Users\yehezkiel.setiawan\.m2\repository\org\apache\bval\bval-core\1.1.2\bval-core-1.1.2.jar;C:\Users\yehezkiel.setiawan\.m2\repository\org\apache\bval\bval-jsr\1.1.2\bval-jsr-1.1.2.jar;C:\Users\yehezkiel.setiawan\.m2\repository\org\apache\myfaces\core\myfaces-impl\2.2.12\myfaces-impl-2.2.12.jar;C:\Users\yehezkiel.setiawan\.m2\repository\commons-digester\commons-digester\1.8\commons-digester-1.8.jar;C:\Users\yehezkiel.setiawan\.m2\repository\org\apache\taglibs\taglibs-standard-jstlel\1.2.5\taglibs-standard-jstlel-1.2.5.jar;C:\Users\yehezkiel.setiawan\.m2\repository\org\apache\taglibs\taglibs-standard-spec\1.2.5\taglibs-standard-spec-1.2.5.jar;C:\Users\yehezkiel.setiawan\.m2\repository\org\apache\taglibs\taglibs-standard-impl\1.2.5\taglibs-standard-impl-1.2.5.jar;C:\Users\yehezkiel.setiawan\.m2\repository\xalan\xalan\2.7.2\xalan-2.7.2.jar;C:\Users\yehezkiel.setiawan\.m2\repository\xalan\serializer\2.7.2\serializer-2.7.2.jar;C:\Users\yehezkiel.setiawan\.m2\repository\xml-apis\xml-apis\1.3.04\xml-apis-1.3.04.jar;C:\Users\yehezkiel.setiawan\.m2\repository\org\apache\tomcat\tomcat-jdbc\8.5.32\tomcat-jdbc-8.5.32.jar;C:\Users\yehezkiel.setiawan\.m2\repository\org\apache\tomcat\tomcat-dbcp\8.5.32\tomcat-dbcp-8.5.32.jar;C:\Users\yehezkiel.setiawan\.m2\repository\org\apache\tomcat\tomcat-catalina\8.5.32\tomcat-catalina-8.5.32.jar;C:\Users\yehezkiel.setiawan\.m2\repository\org\apache\tomcat\tomcat-servlet-api\8.5.32\tomcat-servlet-api-8.5.32.jar;C:\Users\yehezkiel.setiawan\.m2\repository\org\apache\tomcat\tomcat-jsp-api\8.5.32\tomcat-jsp-api-8.5.32.jar;C:\Users\yehezkiel.setiawan\.m2\repository\org\apache\tomcat\tomcat-api\8.5.32\tomcat-api-8.5.32.jar;C:\Users\yehezkiel.setiawan\.m2\repository\org\apache\tomcat\tomcat-jni\8.5.32\tomcat-jni-8.5.32.jar;C:\Users\yehezkiel.setiawan\.m2\repository\org\apache\tomcat\tomcat-util\8.5.32\tomcat-util-8.5.32.jar;C:\Users\yehezkiel.setiawan\.m2\repository\org\apache\tomcat\tomcat-util-scan\8.5.32\tomcat-util-scan-8.5.32.jar;C:\Users\yehezkiel.setiawan\.m2\repository\org\apache\tomcat\tomcat-jaspic-api\8.5.32\tomcat-jaspic-api-8.5.32.jar;C:\Users\yehezkiel.setiawan\.m2\repository\org\apache\tomcat\tomcat-catalina-ha\8.5.32\tomcat-catalina-ha-8.5.32.jar;C:\Users\yehezkiel.setiawan\.m2\repository\org\apache\tomcat\tomcat-tribes\8.5.32\tomcat-tribes-8.5.32.jar;C:\Users\yehezkiel.setiawan\.m2\repository\org\apache\tomcat\tomcat-coyote\8.5.32\tomcat-coyote-8.5.32.jar;C:\Users\yehezkiel.setiawan\.m2\repository\org\apache\tomcat\tomcat-jasper\8.5.32\tomcat-jasper-8.5.32.jar;C:\Users\yehezkiel.setiawan\.m2\repository\org\apache\tomcat\tomcat-el-api\8.5.32\tomcat-el-api-8.5.32.jar;C:\Users\yehezkiel.setiawan\.m2\repository\org\eclipse\jdt\ecj\3.12.3\ecj-3.12.3.jar;C:\Users\yehezkiel.setiawan\.m2\repository\org\apache\tomcat\tomcat-jasper-el\8.5.32\tomcat-jasper-el-8.5.32.jar;C:\Users\yehezkiel.setiawan\.m2\repository\org\eclipse\jdt\core\compiler\ecj\4.4\ecj-4.4.jar;C:\Users\yehezkiel.setiawan\.m2\repository\org\apache\velocity\velocity\1.6.4\velocity-1.6.4.jar;C:\Users\yehezkiel.setiawan\.m2\repository\commons-lang\commons-lang\2.4\commons-lang-2.4.jar;C:\Users\yehezkiel.setiawan\.m2\repository\oro\oro\2.0.8\oro-2.0.8.jar;C:\Users\yehezkiel.setiawan\.m2\repository\org\apache\tomee\openejb-client\7.0.5\openejb-client-7.0.5.jar;C:\Users\yehezkiel.setiawan\.m2\repository\com\sun\xml\bind\jaxb-impl\2.3.0\jaxb-impl-2.3.0.jar;C:\Users\yehezkiel.setiawan\.m2\repository\com\sun\xml\bind\jaxb-core\2.3.0\jaxb-core-2.3.0.jar;C:\Users\yehezkiel.setiawan\.m2\repository\org\apache\tomee\tomee-webservices\7.0.5\tomee-webservices-7.0.5.jar;C:\Users\yehezkiel.setiawan\.m2\repository\org\apache\tomee\openejb-webservices\7.0.5\openejb-webservices-7.0.5.jar;C:\Users\yehezkiel.setiawan\.m2\repository\org\apache\tomee\openejb-cxf\7.0.5\openejb-cxf-7.0.5.jar;C:\Users\yehezkiel.setiawan\.m2\repository\org\apache\wss4j\wss4j-ws-security-dom\2.1.9\wss4j-ws-security-dom-2.1.9.jar;C:\Users\yehezkiel.setiawan\.m2\repository\org\apache\wss4j\wss4j-ws-security-common\2.1.9\wss4j-ws-security-common-2.1.9.jar;C:\Users\yehezkiel.setiawan\.m2\repository\org\apache\santuario\xmlsec\2.0.8\xmlsec-2.0.8.jar;C:\Users\yehezkiel.setiawan\.m2\repository\org\opensaml\opensaml-saml-impl\3.1.1\opensaml-saml-impl-3.1.1.jar;C:\Users\yehezkiel.setiawan\.m2\repository\org\opensaml\opensaml-profile-api\3.1.1\opensaml-profile-api-3.1.1.jar;C:\Users\yehezkiel.setiawan\.m2\repository\org\opensaml\opensaml-core\3.1.1\opensaml-core-3.1.1.jar;C:\Users\yehezkiel.setiawan\.m2\repository\org\opensaml\opensaml-saml-api\3.1.1\opensaml-saml-api-3.1.1.jar;C:\Users\yehezkiel.setiawan\.m2\repository\org\opensaml\opensaml-xmlsec-api\3.1.1\opensaml-xmlsec-api-3.1.1.jar;C:\Users\yehezkiel.setiawan\.m2\repository\org\opensaml\opensaml-soap-api\3.1.1\opensaml-soap-api-3.1.1.jar;C:\Users\yehezkiel.setiawan\.m2\repository\org\opensaml\opensaml-security-impl\3.1.1\opensaml-security-impl-3.1.1.jar;C:\Users\yehezkiel.setiawan\.m2\repository\org\opensaml\opensaml-security-api\3.1.1\opensaml-security-api-3.1.1.jar;C:\Users\yehezkiel.setiawan\.m2\repository\org\cryptacular\cryptacular\1.0\cryptacular-1.0.jar;C:\Users\yehezkiel.setiawan\.m2\repository\org\opensaml\opensaml-xmlsec-impl\3.1.1\opensaml-xmlsec-impl-3.1.1.jar;C:\Users\yehezkiel.setiawan\.m2\repository\net\shibboleth\utilities\java-support\7.1.1\java-support-7.1.1.jar;C:\Users\yehezkiel.setiawan\.m2\repository\org\opensaml\opensaml-xacml-impl\3.1.1\opensaml-xacml-impl-3.1.1.jar;C:\Users\yehezkiel.setiawan\.m2\repository\org\opensaml\opensaml-xacml-api\3.1.1\opensaml-xacml-api-3.1.1.jar;C:\Users\yehezkiel.setiawan\.m2\repository\org\opensaml\opensaml-xacml-saml-impl\3.1.1\opensaml-xacml-saml-impl-3.1.1.jar;C:\Users\yehezkiel.setiawan\.m2\repository\org\opensaml\opensaml-xacml-saml-api\3.1.1\opensaml-xacml-saml-api-3.1.1.jar;C:\Users\yehezkiel.setiawan\.m2\repository\org\jasypt\jasypt\1.9.2\jasypt-1.9.2.jar;C:\Users\yehezkiel.setiawan\.m2\repository\org\bouncycastle\bcprov-jdk15on\1.57\bcprov-jdk15on-1.57.jar;C:\Users\yehezkiel.setiawan\.m2\repository\org\apache\wss4j\wss4j-policy\2.1.9\wss4j-policy-2.1.9.jar;C:\Users\yehezkiel.setiawan\.m2\repository\org\apache\wss4j\wss4j-ws-security-stax\2.1.9\wss4j-ws-security-stax-2.1.9.jar;C:\Users\yehezkiel.setiawan\.m2\repository\org\apache\wss4j\wss4j-bindings\2.1.9\wss4j-bindings-2.1.9.jar;C:\Users\yehezkiel.setiawan\.m2\repository\org\apache\wss4j\wss4j-ws-security-policy-stax\2.1.9\wss4j-ws-security-policy-stax-2.1.9.jar;C:\Users\yehezkiel.setiawan\.m2\repository\org\apache\cxf\cxf-rt-frontend-jaxws\3.3.2\cxf-rt-frontend-jaxws-3.3.2.jar;C:\Users\yehezkiel.setiawan\.m2\repository\xml-resolver\xml-resolver\1.2\xml-resolver-1.2.jar;C:\Users\yehezkiel.setiawan\.m2\repository\org\apache\cxf\cxf-rt-bindings-soap\3.3.2\cxf-rt-bindings-soap-3.3.2.jar;C:\Users\yehezkiel.setiawan\.m2\repository\org\apache\cxf\cxf-rt-wsdl\3.3.2\cxf-rt-wsdl-3.3.2.jar;C:\Users\yehezkiel.setiawan\.m2\repository\org\apache\cxf\cxf-rt-databinding-jaxb\3.3.2\cxf-rt-databinding-jaxb-3.3.2.jar;C:\Users\yehezkiel.setiawan\.m2\repository\org\apache\cxf\cxf-rt-bindings-xml\3.3.2\cxf-rt-bindings-xml-3.3.2.jar;C:\Users\yehezkiel.setiawan\.m2\repository\org\apache\cxf\cxf-rt-frontend-simple\3.3.2\cxf-rt-frontend-simple-3.3.2.jar;C:\Users\yehezkiel.setiawan\.m2\repository\org\apache\cxf\cxf-rt-ws-addr\3.3.2\cxf-rt-ws-addr-3.3.2.jar;C:\Users\yehezkiel.setiawan\.m2\repository\org\apache\cxf\cxf-rt-ws-policy\3.3.2\cxf-rt-ws-policy-3.3.2.jar;C:\Users\yehezkiel.setiawan\.m2\repository\org\apache\cxf\cxf-rt-ws-security\3.3.2\cxf-rt-ws-security-3.3.2.jar;C:\Users\yehezkiel.setiawan\.m2\repository\org\apache\cxf\cxf-rt-security-saml\3.3.2\cxf-rt-security-saml-3.3.2.jar;C:\Users\yehezkiel.setiawan\.m2\repository\com\sun\xml\messaging\saaj\saaj-impl\1.3.23\saaj-impl-1.3.23.jar;C:\Users\yehezkiel.setiawan\.m2\repository\org\jvnet\mimepull\mimepull\1.9\mimepull-1.9.jar;C:\Users\yehezkiel.setiawan\.m2\repository\org\jvnet\staxex\stax-ex\1.7.4\stax-ex-1.7.4.jar;C:\Users\yehezkiel.setiawan\.m2\repository\org\apache\tomcat\tomcat-websocket\8.5.32\tomcat-websocket-8.5.32.jar;C:\Users\yehezkiel.setiawan\.m2\repository\org\apache\tomee\tomee-jaxrs\7.0.5\tomee-jaxrs-7.0.5.jar;C:\Users\yehezkiel.setiawan\.m2\repository\org\apache\tomee\tomee-loader\7.0.5\tomee-loader-7.0.5.jar;C:\Users\yehezkiel.setiawan\.m2\repository\org\apache\tomcat\tomcat-juli\8.5.32\tomcat-juli-8.5.32.jar;C:\Users\yehezkiel.setiawan\.m2\repository\org\apache\tomee\tomee-common\7.0.5\tomee-common-7.0.5.jar;C:\Users\yehezkiel.setiawan\.m2\repository\org\apache\tomee\openejb-rest\7.0.5\openejb-rest-7.0.5.jar;C:\Users\yehezkiel.setiawan\.m2\repository\org\apache\tomee\openejb-cxf-rs\7.0.5\openejb-cxf-rs-7.0.5.jar;C:\Users\yehezkiel.setiawan\.m2\repository\org\apache\tomee\openejb-cxf-transport\7.0.5\openejb-cxf-transport-7.0.5.jar;C:\Users\yehezkiel.setiawan\.m2\repository\org\apache\cxf\cxf-rt-transports-http\3.3.2\cxf-rt-transports-http-3.3.2.jar;C:\Users\yehezkiel.setiawan\.m2\repository\org\apache\cxf\cxf-rt-management\3.3.2\cxf-rt-management-3.3.2.jar;C:\Users\yehezkiel.setiawan\.m2\repository\org\apache\cxf\cxf-rt-rs-service-description\3.1.15\cxf-rt-rs-service-description-3.1.15.jar;C:\Users\yehezkiel.setiawan\.m2\repository\org\apache\cxf\cxf-rt-rs-client\3.3.2\cxf-rt-rs-client-3.3.2.jar;C:\Users\yehezkiel.setiawan\.m2\repository\org\apache\cxf\cxf-core\3.3.2\cxf-core-3.3.2.jar;C:\Users\yehezkiel.setiawan\.m2\repository\org\glassfish\jaxb\jaxb-runtime\2.3.2\jaxb-runtime-2.3.2.jar;C:\Users\yehezkiel.setiawan\.m2\repository\org\glassfish\jaxb\txw2\2.3.2\txw2-2.3.2.jar;C:\Users\yehezkiel.setiawan\.m2\repository\com\sun\istack\istack-commons-runtime\3.0.8\istack-commons-runtime-3.0.8.jar;C:\Users\yehezkiel.setiawan\.m2\repository\com\sun\xml\fastinfoset\FastInfoset\1.2.16\FastInfoset-1.2.16.jar;C:\Users\yehezkiel.setiawan\.m2\repository\jakarta\activation\jakarta.activation-api\1.2.1\jakarta.activation-api-1.2.1.jar;C:\Users\yehezkiel.setiawan\.m2\repository\com\fasterxml\woodstox\woodstox-core\5.0.3\woodstox-core-5.0.3.jar;C:\Users\yehezkiel.setiawan\.m2\repository\org\glassfish\jaxb\jaxb-xjc\2.3.2\jaxb-xjc-2.3.2.jar;C:\Users\yehezkiel.setiawan\.m2\repository\org\glassfish\jaxb\xsom\2.3.2\xsom-2.3.2.jar;C:\Users\yehezkiel.setiawan\.m2\repository\org\glassfish\jaxb\codemodel\2.3.2\codemodel-2.3.2.jar;C:\Users\yehezkiel.setiawan\.m2\repository\com\sun\xml\bind\external\rngom\2.3.2\rngom-2.3.2.jar;C:\Users\yehezkiel.setiawan\.m2\repository\com\sun\xml\dtd-parser\dtd-parser\1.4.1\dtd-parser-1.4.1.jar;C:\Users\yehezkiel.setiawan\.m2\repository\com\sun\istack\istack-commons-tools\3.0.8\istack-commons-tools-3.0.8.jar;C:\Users\yehezkiel.setiawan\.m2\repository\org\apache\ant\ant\1.10.5\ant-1.10.5.jar;C:\Users\yehezkiel.setiawan\.m2\repository\org\apache\ant\ant-launcher\1.10.5\ant-launcher-1.10.5.jar;C:\Users\yehezkiel.setiawan\.m2\repository\com\sun\xml\bind\external\relaxng-datatype\2.3.2\relaxng-datatype-2.3.2.jar;C:\Users\yehezkiel.setiawan\.m2\repository\jakarta\xml\bind\jakarta.xml.bind-api\2.3.2\jakarta.xml.bind-api-2.3.2.jar;C:\Users\yehezkiel.setiawan\.m2\repository\org\apache\cxf\cxf-rt-frontend-jaxrs\3.3.2\cxf-rt-frontend-jaxrs-3.3.2.jar;C:\Users\yehezkiel.setiawan\.m2\repository\jakarta\ws\rs\jakarta.ws.rs-api\2.1.5\jakarta.ws.rs-api-2.1.5.jar;C:\Users\yehezkiel.setiawan\.m2\repository\org\apache\cxf\cxf-rt-security\3.3.2\cxf-rt-security-3.3.2.jar;C:\Users\yehezkiel.setiawan\.m2\repository\org\apache\cxf\cxf-rt-rs-extension-search\3.3.2\cxf-rt-rs-extension-search-3.3.2.jar;C:\Users\yehezkiel.setiawan\.m2\repository\org\apache\cxf\cxf-rt-rs-security-cors\3.3.2\cxf-rt-rs-security-cors-3.3.2.jar;C:\Users\yehezkiel.setiawan\.m2\repository\org\apache\cxf\cxf-rt-rs-security-oauth2\3.3.2\cxf-rt-rs-security-oauth2-3.3.2.jar;C:\Users\yehezkiel.setiawan\.m2\repository\org\apache\cxf\cxf-rt-rs-security-jose-jaxrs\3.3.2\cxf-rt-rs-security-jose-jaxrs-3.3.2.jar;C:\Users\yehezkiel.setiawan\.m2\repository\org\apache\cxf\cxf-rt-rs-security-jose\3.3.2\cxf-rt-rs-security-jose-3.3.2.jar;C:\Users\yehezkiel.setiawan\.m2\repository\org\apache\cxf\cxf-rt-rs-json-basic\3.3.2\cxf-rt-rs-json-basic-3.3.2.jar;C:\Users\yehezkiel.setiawan\.m2\repository\org\apache\cxf\cxf-rt-rs-extension-providers\3.3.2\cxf-rt-rs-extension-providers-3.3.2.jar;C:\Users\yehezkiel.setiawan\.m2\repository\org\apache\johnzon\johnzon-jaxrs\1.0.1\johnzon-jaxrs-1.0.1.jar;C:\Users\yehezkiel.setiawan\.m2\repository\org\apache\johnzon\johnzon-mapper\1.0.1\johnzon-mapper-1.0.1.jar;C:\Users\yehezkiel.setiawan\.m2\repository\org\apache\johnzon\johnzon-core\1.0.1\johnzon-core-1.0.1.jar;C:\Users\yehezkiel.setiawan\.m2\repository\org\apache\tomee\openejb-server\7.0.5\openejb-server-7.0.5.jar;C:\Users\yehezkiel.setiawan\.m2\repository\org\apache\tomee\openejb-ejbd\7.0.5\openejb-ejbd-7.0.5.jar;C:\Users\yehezkiel.setiawan\.m2\repository\org\apache\tomee\openejb-http\7.0.5\openejb-http-7.0.5.jar;"/>
    <property name="sun.cpu.endian" value="little"/>
    <property name="user.home" value="C:\Users\yehezkiel.setiawan"/>
    <property name="user.language" value="en"/>
    <property name="java.specification.vendor" value="Oracle Corporation"/>
    <property name="java.home" value="C:\Program Files\Java\jdk1.8.0_201\jre"/>
    <property name="basedir" value="C:\Users\yehezkiel.setiawan\address-manager\integration-tests"/>
    <property name="file.separator" value="\"/>
    <property name="line.separator" value="&#10;"/>
    <property name="java.vm.specification.vendor" value="Oracle Corporation"/>
    <property name="java.specification.name" value="Java Platform API Specification"/>
    <property name="java.awt.graphicsenv" value="sun.awt.Win32GraphicsEnvironment"/>
    <property name="surefire.real.class.path" value="C:\Users\yehezkiel.setiawan\AppData\Local\Temp\surefire2568711159115602509\surefirebooter6957358643048455864.jar;C:\\Users\\yehezkiel.setiawan\\.m2\\repository\\org\\jacoco\\org.jacoco.agent\\0.8.2\\org.jacoco.agent-0.8.2-runtime.jar"/>
    <property name="sun.boot.class.path" value="C:\Program Files\Java\jdk1.8.0_201\jre\lib\resources.jar;C:\Program Files\Java\jdk1.8.0_201\jre\lib\rt.jar;C:\Program Files\Java\jdk1.8.0_201\jre\lib\sunrsasign.jar;C:\Program Files\Java\jdk1.8.0_201\jre\lib\jsse.jar;C:\Program Files\Java\jdk1.8.0_201\jre\lib\jce.jar;C:\Program Files\Java\jdk1.8.0_201\jre\lib\charsets.jar;C:\Program Files\Java\jdk1.8.0_201\jre\lib\jfr.jar;C:\Program Files\Java\jdk1.8.0_201\jre\classes"/>
    <property name="user.script" value=""/>
    <property name="sun.management.compiler" value="HotSpot 64-Bit Tiered Compilers"/>
    <property name="java.runtime.version" value="1.8.0_201-b09"/>
    <property name="user.name" value="Yehezkiel.Setiawan"/>
    <property name="path.separator" value=";"/>
    <property name="os.version" value="10.0"/>
    <property name="java.endorsed.dirs" value="C:\Program Files\Java\jdk1.8.0_201\jre\lib\endorsed"/>
    <property name="java.runtime.name" value="Java(TM) SE Runtime Environment"/>
    <property name="file.encoding" value="Cp1252"/>
    <property name="java.vm.name" value="Java HotSpot(TM) 64-Bit Server VM"/>
    <property name="localRepository" value="C:\Users\yehezkiel.setiawan\.m2\repository"/>
    <property name="java.vendor.url.bug" value="http://bugreport.sun.com/bugreport/"/>
    <property name="java.io.tmpdir" value="C:\Users\yehezkiel.setiawan\AppData\Local\Temp\"/>
    <property name="java.version" value="1.8.0_201"/>
    <property name="user.dir" value="C:\Users\yehezkiel.setiawan\address-manager\integration-tests"/>
    <property name="os.arch" value="amd64"/>
    <property name="surefire.forkDir" value="C:\Users\yehezkiel.setiawan\address-manager\integration-tests\target/surefire-fork/1/"/>
    <property name="java.vm.specification.name" value="Java Virtual Machine Specification"/>
    <property name="java.awt.printerjob" value="sun.awt.windows.WPrinterJob"/>
    <property name="sun.os.patch.level" value=""/>
    <property name="org.slf4j.simpleLogger.defaultLogLevel" value="info"/>
    <property name="java.library.path" value="C:\Program Files\Java\jdk1.8.0_201\jre\bin;C:\WINDOWS\Sun\Java\bin;C:\WINDOWS\system32;C:\WINDOWS;C:\ProgramData\DockerDesktop\version-bin;C:\Program Files\Docker\Docker\Resources\bin;C:\Program Files (x86)\Common Files\Oracle\Java\javapath;C:\Windows\system32;C:\Windows;C:\Windows\System32\Wbem;C:\Windows\System32\WindowsPowerShell\v1.0\;C:\Windows\System32\OpenSSH\;C:\Program Files (x86)\NVIDIA Corporation\PhysX\Common;C:\Program Files (x86)\Intel\Intel(R) Management Engine Components\DAL;C:\Program Files\Intel\Intel(R) Management Engine Components\DAL;C:\Program Files\dotnet\;C:\Program Files\Microsoft SQL Server\130\Tools\Binn\;C:\Program Files\Microsoft SQL Server\Client SDK\ODBC\170\Tools\Binn\;C:\Program Files\Intel\WiFi\bin\;C:\Program Files\Common Files\Intel\WirelessCommon\;C:\WINDOWS\system32;C:\WINDOWS;C:\WINDOWS\System32\Wbem;C:\WINDOWS\System32\WindowsPowerShell\v1.0\;C:\WINDOWS\System32\OpenSSH\;C:\Program Files\NVIDIA Corporation\NVIDIA NvDLISR;D:\Installation Dir\Putty\;C:\Program Files\Java\jdk1.8.0_201\bin;C:\Program Files\Java\apache-maven-3.6.2\bin;C:\Program Files\Cloud Foundry;C:\ProgramData\chocolatey\bin;C:\Program Files\nodejs\;C:\Program Files\Git\cmd;C:\Users\yehezkiel.setiawan\AppData\Local\Microsoft\WindowsApps;C:\Users\yehezkiel.setiawan\.dotnet\tools;C:\Users\yehezkiel.setiawan\AppData\Local\Microsoft\WindowsApps;C:\Program Files\Java\jdk1.8.0_201;C:\Program Files\JetBrains\IntelliJ IDEA 2019.2.4\bin;;C:\Program Files\Java\apache-maven-3.6.2\bin;C:\Users\yehezkiel.setiawan\AppData\Roaming\npm;C:\Program Files\nodejs\node_modules\npm\bin;;."/>
    <property name="java.vm.info" value="mixed mode"/>
    <property name="java.vendor" value="Oracle Corporation"/>
    <property name="java.vm.version" value="25.201-b09"/>
    <property name="java.ext.dirs" value="C:\Program Files\Java\jdk1.8.0_201\jre\lib\ext;C:\WINDOWS\Sun\Java\lib\ext"/>
    <property name="sun.io.unicode.encoding" value="UnicodeLittle"/>
    <property name="java.class.version" value="52.0"/>
  </properties>
  <testcase name="testService" classname="com.sap.cloud.sdk.tutorial.HelloWorldServletTest" time="3.739"/>
</testsuite>